2017-03-11 10:36:02,722 [localhost-startStop-1] [org.springframework.web.servlet.DispatcherServlet]-[DEBUG] Unable to locate RequestToViewNameTranslator with name 'viewNameTranslator': using default [org.springframework.web.servlet.view.DefaultRequestToViewNameTranslator@123fe03]
2017-03-11 10:36:02,722 [localhost-startStop-1] [org.springframework.beans.factory.support.DefaultListableBeanFactory]-[DEBUG] Returning cached instance of singleton bean 'org.springframework.web.servlet.view.InternalResourceViewResolver#0'
2017-03-11 10:36:02,724 [localhost-startStop-1] [org.springframework.beans.factory.support.DefaultListableBeanFactory]-[DEBUG] Creating instance of bean 'org.springframework.web.servlet.support.SessionFlashMapManager'
2017-03-11 10:36:02,731 [localhost-startStop-1] [org.springframework.beans.factory.support.DefaultListableBeanFactory]-[DEBUG] Finished creating instance of bean 'org.springframework.web.servlet.support.SessionFlashMapManager'
2017-03-11 10:36:02,731 [localhost-startStop-1] [org.springframework.web.servlet.DispatcherServlet]-[DEBUG] Unable to locate FlashMapManager with name 'flashMapManager': using default [org.springframework.web.servlet.support.SessionFlashMapManager@13df943]
2017-03-11 10:36:02,731 [localhost-startStop-1] [org.springframework.web.servlet.resource.ResourceUrlProvider]-[DEBUG] Looking for resource handler mappings
2017-03-11 10:36:02,731 [localhost-startStop-1] [org.springframework.beans.factory.support.DefaultListableBeanFactory]-[DEBUG] Returning cached instance of singleton bean 'org.springframework.web.servlet.handler.SimpleUrlHandlerMapping#0'
2017-03-11 10:36:02,731 [localhost-startStop-1] [org.springframework.beans.factory.support.DefaultListableBeanFactory]-[DEBUG] Returning cached instance of singleton bean 'org.springframework.web.servlet.handler.SimpleUrlHandlerMapping#1'
2017-03-11 10:36:02,731 [localhost-startStop-1] [org.springframework.beans.factory.support.DefaultListableBeanFactory]-[DEBUG] Returning cached instance of singleton bean 'org.springframework.web.servlet.handler.SimpleUrlHandlerMapping#2'
2017-03-11 10:36:02,731 [localhost-startStop-1] [org.springframework.web.servlet.resource.ResourceUrlProvider]-[DEBUG] Found resource handler mapping: URL pattern="/css/**", locations=[ServletContext resource [/WEB-INF/css/]], resolvers=[org.springframework.web.servlet.resource.PathResourceResolver@1b7a16b]
2017-03-11 10:36:02,732 [localhost-startStop-1] [org.springframework.web.servlet.resource.ResourceUrlProvider]-[DEBUG] Found resource handler mapping: URL pattern="/js/**", locations=[ServletContext resource [/WEB-INF/js/]], resolvers=[org.springframework.web.servlet.resource.PathResourceResolver@c6b42d]
2017-03-11 10:36:02,732 [localhost-startStop-1] [org.springframework.web.servlet.resource.ResourceUrlProvider]-[DEBUG] Found resource handler mapping: URL pattern="/images/**", locations=[ServletContext resource [/WEB-INF/images/]], resolvers=[org.springframework.web.servlet.resource.PathResourceResolver@15f2d1f]
2017-03-11 10:36:02,732 [localhost-startStop-1] [org.springframework.web.servlet.resource.ResourceUrlProvider]-[DEBUG] Looking for resource handler mappings
2017-03-11 10:36:02,732 [localhost-startStop-1] [org.springframework.beans.factory.support.DefaultListableBeanFactory]-[DEBUG] Returning cached instance of singleton bean 'org.springframework.web.servlet.handler.SimpleUrlHandlerMapping#0'
2017-03-11 10:36:02,732 [localhost-startStop-1] [org.springframework.beans.factory.support.DefaultListableBeanFactory]-[DEBUG] Returning cached instance of singleton bean 'org.springframework.web.servlet.handler.SimpleUrlHandlerMapping#1'
2017-03-11 10:36:02,732 [localhost-startStop-1] [org.springframework.beans.factory.support.DefaultListableBeanFactory]-[DEBUG] Returning cached instance of singleton bean 'org.springframework.web.servlet.handler.SimpleUrlHandlerMapping#2'
2017-03-11 10:36:02,732 [localhost-startStop-1] [org.springframework.web.servlet.resource.ResourceUrlProvider]-[DEBUG] Found resource handler mapping: URL pattern="/css/**", locations=[ServletContext resource [/WEB-INF/css/]], resolvers=[org.springframework.web.servlet.resource.PathResourceResolver@1b7a16b]
2017-03-11 10:36:02,732 [localhost-startStop-1] [org.springframework.web.servlet.resource.ResourceUrlProvider]-[DEBUG] Found resource handler mapping: URL pattern="/js/**", locations=[ServletContext resource [/WEB-INF/js/]], resolvers=[org.springframework.web.servlet.resource.PathResourceResolver@c6b42d]
2017-03-11 10:36:02,732 [localhost-startStop-1] [org.springframework.web.servlet.resource.ResourceUrlProvider]-[DEBUG] Found resource handler mapping: URL pattern="/images/**", locations=[ServletContext resource [/WEB-INF/images/]], resolvers=[org.springframework.web.servlet.resource.PathResourceResolver@15f2d1f]
2017-03-11 10:36:02,732 [localhost-startStop-1] [org.springframework.core.env.PropertySourcesPropertyResolver]-[DEBUG] Searching for key 'spring.liveBeansView.mbeanDomain' in [servletConfigInitParams]
2017-03-11 10:36:02,735 [localhost-startStop-1] [org.springframework.core.env.PropertySourcesPropertyResolver]-[DEBUG] Searching for key 'spring.liveBeansView.mbeanDomain' in [servletContextInitParams]
2017-03-11 10:36:02,735 [localhost-startStop-1] [org.springframework.core.env.PropertySourcesPropertyResolver]-[DEBUG] Searching for key 'spring.liveBeansView.mbeanDomain' in [jndiProperties]
2017-03-11 10:36:02,735 [localhost-startStop-1] [org.springframework.jndi.JndiTemplate]-[DEBUG] Looking up JNDI object with name [java:comp/env/spring.liveBeansView.mbeanDomain]
2017-03-11 10:36:02,736 [localhost-startStop-1] [org.springframework.jndi.JndiLocatorDelegate]-[DEBUG] Converted JNDI name [java:comp/env/spring.liveBeansView.mbeanDomain] not found - trying original name [spring.liveBeansView.mbeanDomain]. javax.naming.NameNotFoundException: Name [spring.liveBeansView.mbeanDomain] is not bound in this Context. Unable to find [spring.liveBeansView.mbeanDomain].
2017-03-11 10:36:02,736 [localhost-startStop-1] [org.springframework.jndi.JndiTemplate]-[DEBUG] Looking up JNDI object with name [spring.liveBeansView.mbeanDomain]
2017-03-11 10:36:02,736 [localhost-startStop-1] [org.springframework.jndi.JndiPropertySource]-[DEBUG] JNDI lookup for name [spring.liveBeansView.mbeanDomain] threw NamingException with message: Name [spring.liveBeansView.mbeanDomain] is not bound in this Context. Unable to find [spring.liveBeansView.mbeanDomain].. Returning null.
2017-03-11 10:36:02,736 [localhost-startStop-1] [org.springframework.core.env.PropertySourcesPropertyResolver]-[DEBUG] Searching for key 'spring.liveBeansView.mbeanDomain' in [systemProperties]
2017-03-11 10:36:02,736 [localhost-startStop-1] [org.springframework.core.env.PropertySourcesPropertyResolver]-[DEBUG] Searching for key 'spring.liveBeansView.mbeanDomain' in [systemEnvironment]
2017-03-11 10:36:02,736 [localhost-startStop-1] [org.springframework.core.env.PropertySourcesPropertyResolver]-[DEBUG] Could not find key 'spring.liveBeansView.mbeanDomain' in any property source. Returning [null]
2017-03-11 10:36:02,736 [localhost-startStop-1] [org.springframework.web.servlet.DispatcherServlet]-[DEBUG] Published WebApplicationContext of servlet 'taotao-sso' as ServletContext attribute with name [org.springframework.web.servlet.FrameworkServlet.CONTEXT.taotao-sso]
2017-03-11 10:36:02,736 [localhost-startStop-1] [org.springframework.web.servlet.DispatcherServlet]-[INFO] FrameworkServlet 'taotao-sso': initialization completed in 1068 ms
2017-03-11 10:36:02,736 [localhost-startStop-1] [org.springframework.web.servlet.DispatcherServlet]-[DEBUG] Servlet 'taotao-sso' configured successfully
2017-03-11 10:36:37,363 [http-bio-8084-exec-1] [org.springframework.web.servlet.DispatcherServlet]-[DEBUG] DispatcherServlet with name 'taotao-sso' processing GET request for [/page/login]
2017-03-11 10:36:37,366 [http-bio-8084-exec-1] [org.springframework.web.servlet.mvc.method.annotation.RequestMappingHandlerMapping]-[DEBUG] Looking up handler method for path /page/login
2017-03-11 10:36:37,368 [http-bio-8084-exec-1] [org.springframework.web.servlet.mvc.method.annotation.RequestMappingHandlerMapping]-[DEBUG] Returning handler method [public java.lang.String com.taotao.sso.controller.PageController.showLogin(java.lang.String,org.springframework.ui.Model)]
2017-03-11 10:36:37,368 [http-bio-8084-exec-1] [org.springframework.beans.factory.support.DefaultListableBeanFactory]-[DEBUG] Returning cached instance of singleton bean 'pageController'
2017-03-11 10:36:37,369 [http-bio-8084-exec-1] [org.springframework.web.servlet.DispatcherServlet]-[DEBUG] Last-Modified value for [/page/login] is: -1
2017-03-11 10:36:37,398 [http-bio-8084-exec-1] [org.springframework.beans.factory.support.DefaultListableBeanFactory]-[DEBUG] Invoking afterPropertiesSet() on bean with name 'login'
2017-03-11 10:36:37,399 [http-bio-8084-exec-1] [org.springframework.web.servlet.DispatcherServlet]-[DEBUG] Rendering view [org.springframework.web.servlet.view.InternalResourceView: name 'login'; URL [/WEB-INF/jsp/login.jsp]] in DispatcherServlet with name 'taotao-sso'
2017-03-11 10:36:37,399 [http-bio-8084-exec-1] [org.springframework.web.servlet.view.InternalResourceView]-[DEBUG] Removed model object 'redirect' from request in view with name 'login'
2017-03-11 10:36:37,399 [http-bio-8084-exec-1] [org.springframework.web.servlet.view.InternalResourceView]-[DEBUG] Forwarding to resource [/WEB-INF/jsp/login.jsp] in InternalResourceView 'login'
2017-03-11 10:36:38,246 [http-bio-8084-exec-1] [org.springframework.web.servlet.DispatcherServlet]-[DEBUG] Successfully completed request
2017-03-11 10:36:38,246 [http-bio-8084-exec-1] [org.springframework.beans.factory.support.DefaultListableBeanFactory]-[DEBUG] Returning cached instance of singleton bean 'sqlSessionFactory'
2017-03-11 10:36:38,641 [http-bio-8084-exec-2] [org.springframework.web.servlet.DispatcherServlet]-[DEBUG] DispatcherServlet with name 'taotao-sso' processing GET request for [/favicon.ico]
2017-03-11 10:36:38,641 [http-bio-8084-exec-2] [org.springframework.web.servlet.mvc.method.annotation.RequestMappingHandlerMapping]-[DEBUG] Looking up handler method for path /favicon.ico
2017-03-11 10:36:38,642 [http-bio-8084-exec-2] [org.springframework.web.servlet.mvc.method.annotation.RequestMappingHandlerMapping]-[DEBUG] Did not find handler method for [/favicon.ico]
2017-03-11 10:36:38,642 [http-bio-8084-exec-2] [org.springframework.web.servlet.PageNotFound]-[WARN] No mapping found for HTTP request with URI [/favicon.ico] in DispatcherServlet with name 'taotao-sso'
2017-03-11 10:36:38,642 [http-bio-8084-exec-2] [org.springframework.web.servlet.DispatcherServlet]-[DEBUG] Successfully completed request
2017-03-11 10:36:39,663 [http-bio-8084-exec-3] [org.springframework.web.servlet.DispatcherServlet]-[DEBUG] DispatcherServlet with name 'taotao-sso' processing POST request for [/user/login]
2017-03-11 10:36:39,663 [http-bio-8084-exec-3] [org.springframework.web.servlet.mvc.method.annotation.RequestMappingHandlerMapping]-[DEBUG] Looking up handler method for path /user/login
2017-03-11 10:36:39,663 [http-bio-8084-exec-3] [org.springframework.web.servlet.mvc.method.annotation.RequestMappingHandlerMapping]-[DEBUG] Returning handler method [public com.taotao.common.utils.TaotaoResult com.taotao.sso.controller.UserController.userLogin(java.lang.String,java.lang.String,javax.servlet.http.HttpServletRequest,javax.servlet.http.HttpServletResponse)]
2017-03-11 10:36:39,663 [http-bio-8084-exec-3] [org.springframework.beans.factory.support.DefaultListableBeanFactory]-[DEBUG] Returning cached instance of singleton bean 'userController'
2017-03-11 10:36:39,678 [http-bio-8084-exec-3] [org.mybatis.spring.SqlSessionUtils]-[DEBUG] Creating a new SqlSession
2017-03-11 10:36:39,689 [http-bio-8084-exec-3] [org.mybatis.spring.SqlSessionUtils]-[DEBUG] SqlSession [org.apache.ibatis.session.defaults.DefaultSqlSession@1fa3c0b] was not registered for synchronization because synchronization is not active
2017-03-11 10:36:39,747 [http-bio-8084-exec-3] [org.springframework.jdbc.datasource.DataSourceUtils]-[DEBUG] Fetching JDBC Connection from DataSource
2017-03-11 10:36:39,920 [http-bio-8084-exec-3] [com.alibaba.druid.pool.DruidDataSource]-[INFO] {dataSource-1} inited
2017-03-11 10:36:40,151 [http-bio-8084-exec-3] [org.mybatis.spring.transaction.SpringManagedTransaction]-[DEBUG] JDBC Connection [com.mysql.jdbc.JDBC4Connection@148b7f5] will not be managed by Spring
2017-03-11 10:36:40,157 [http-bio-8084-exec-3] [com.taotao.mapper.TbUserMapper.selectByExample]-[DEBUG] ==>  Preparing: select id, username, password, phone, email, created, updated from tb_user WHERE ( username = ? ) 
2017-03-11 10:36:40,188 [http-bio-8084-exec-3] [com.taotao.mapper.TbUserMapper.selectByExample]-[DEBUG] ==> Parameters: xiaobing(String)
2017-03-11 10:36:40,215 [http-bio-8084-exec-3] [com.taotao.mapper.TbUserMapper.selectByExample]-[DEBUG] <==      Total: 1
2017-03-11 10:36:40,216 [http-bio-8084-exec-3] [org.mybatis.spring.SqlSessionUtils]-[DEBUG] Closing non transactional SqlSession [org.apache.ibatis.session.defaults.DefaultSqlSession@1fa3c0b]
2017-03-11 10:36:40,216 [http-bio-8084-exec-3] [org.springframework.jdbc.datasource.DataSourceUtils]-[DEBUG] Returning JDBC Connection to DataSource
2017-03-11 10:36:42,339 [http-bio-8084-exec-3] [org.springframework.web.servlet.mvc.method.annotation.ResponseBodyAdviceChain]-[DEBUG] Invoking ResponseBodyAdvice chain for body=com.taotao.common.utils.TaotaoResult@37431f
2017-03-11 10:36:42,339 [http-bio-8084-exec-3] [org.springframework.web.servlet.mvc.method.annotation.ResponseBodyAdviceChain]-[DEBUG] After ResponseBodyAdvice chain body=com.taotao.common.utils.TaotaoResult@37431f
2017-03-11 10:36:42,343 [http-bio-8084-exec-3] [org.springframework.web.servlet.mvc.method.annotation.RequestResponseBodyMethodProcessor]-[DEBUG] Written [com.taotao.common.utils.TaotaoResult@37431f] as "application/json;charset=UTF-8" using [org.springframework.http.converter.json.MappingJackson2HttpMessageConverter@57d09]
2017-03-11 10:36:42,343 [http-bio-8084-exec-3] [org.springframework.web.servlet.DispatcherServlet]-[DEBUG] Null ModelAndView returned to DispatcherServlet with name 'taotao-sso': assuming HandlerAdapter completed request handling
2017-03-11 10:36:42,343 [http-bio-8084-exec-3] [org.springframework.web.servlet.DispatcherServlet]-[DEBUG] Successfully completed request
2017-03-11 10:55:48,101 [http-bio-8084-exec-5] [org.springframework.web.servlet.DispatcherServlet]-[DEBUG] DispatcherServlet with name 'taotao-sso' processing POST request for [/user/login]
2017-03-11 10:55:48,101 [http-bio-8084-exec-5] [org.springframework.web.servlet.mvc.method.annotation.RequestMappingHandlerMapping]-[DEBUG] Looking up handler method for path /user/login
2017-03-11 10:55:48,102 [http-bio-8084-exec-5] [org.springframework.web.servlet.mvc.method.annotation.RequestMappingHandlerMapping]-[DEBUG] Returning handler method [public com.taotao.common.utils.TaotaoResult com.taotao.sso.controller.UserController.userLogin(java.lang.String,java.lang.String,javax.servlet.http.HttpServletRequest,javax.servlet.http.HttpServletResponse)]
2017-03-11 10:55:48,102 [http-bio-8084-exec-5] [org.springframework.beans.factory.support.DefaultListableBeanFactory]-[DEBUG] Returning cached instance of singleton bean 'userController'
2017-03-11 10:55:48,102 [http-bio-8084-exec-5] [org.mybatis.spring.SqlSessionUtils]-[DEBUG] Creating a new SqlSession
2017-03-11 10:55:48,103 [http-bio-8084-exec-5] [org.mybatis.spring.SqlSessionUtils]-[DEBUG] SqlSession [org.apache.ibatis.session.defaults.DefaultSqlSession@13c4afa] was not registered for synchronization because synchronization is not active
2017-03-11 10:55:48,103 [http-bio-8084-exec-5] [org.springframework.jdbc.datasource.DataSourceUtils]-[DEBUG] Fetching JDBC Connection from DataSource
2017-03-11 10:55:48,122 [http-bio-8084-exec-5] [org.mybatis.spring.transaction.SpringManagedTransaction]-[DEBUG] JDBC Connection [com.mysql.jdbc.JDBC4Connection@148b7f5] will not be managed by Spring
2017-03-11 10:55:48,122 [http-bio-8084-exec-5] [com.taotao.mapper.TbUserMapper.selectByExample]-[DEBUG] ==>  Preparing: select id, username, password, phone, email, created, updated from tb_user WHERE ( username = ? ) 
2017-03-11 10:55:48,123 [http-bio-8084-exec-5] [com.taotao.mapper.TbUserMapper.selectByExample]-[DEBUG] ==> Parameters: xiaobing(String)
2017-03-11 10:55:48,142 [http-bio-8084-exec-5] [com.taotao.mapper.TbUserMapper.selectByExample]-[DEBUG] <==      Total: 1
2017-03-11 10:55:48,142 [http-bio-8084-exec-5] [org.mybatis.spring.SqlSessionUtils]-[DEBUG] Closing non transactional SqlSession [org.apache.ibatis.session.defaults.DefaultSqlSession@13c4afa]
2017-03-11 10:55:48,142 [http-bio-8084-exec-5] [org.springframework.jdbc.datasource.DataSourceUtils]-[DEBUG] Returning JDBC Connection to DataSource
2017-03-11 10:55:48,160 [http-bio-8084-exec-5] [org.springframework.web.servlet.mvc.method.annotation.ResponseBodyAdviceChain]-[DEBUG] Invoking ResponseBodyAdvice chain for body=com.taotao.common.utils.TaotaoResult@163f1db
2017-03-11 10:55:48,161 [http-bio-8084-exec-5] [org.springframework.web.servlet.mvc.method.annotation.ResponseBodyAdviceChain]-[DEBUG] After ResponseBodyAdvice chain body=com.taotao.common.utils.TaotaoResult@163f1db
2017-03-11 10:55:48,161 [http-bio-8084-exec-5] [org.springframework.web.servlet.mvc.method.annotation.RequestResponseBodyMethodProcessor]-[DEBUG] Written [com.taotao.common.utils.TaotaoResult@163f1db] as "application/json;charset=UTF-8" using [org.springframework.http.converter.json.MappingJackson2HttpMessageConverter@57d09]
2017-03-11 10:55:48,161 [http-bio-8084-exec-5] [org.springframework.web.servlet.DispatcherServlet]-[DEBUG] Null ModelAndView returned to DispatcherServlet with name 'taotao-sso': assuming HandlerAdapter completed request handling
2017-03-11 10:55:48,161 [http-bio-8084-exec-5] [org.springframework.web.servlet.DispatcherServlet]-[DEBUG] Successfully completed request
2017-03-11 10:55:50,245 [http-bio-8084-exec-6] [org.springframework.web.servlet.DispatcherServlet]-[DEBUG] DispatcherServlet with name 'taotao-sso' processing GET request for [/user/token/5acdf518-6470-4bee-9301-619dd2290ba5]
2017-03-11 10:55:50,246 [http-bio-8084-exec-6] [org.springframework.web.servlet.mvc.method.annotation.RequestMappingHandlerMapping]-[DEBUG] Looking up handler method for path /user/token/5acdf518-6470-4bee-9301-619dd2290ba5
2017-03-11 10:55:50,246 [http-bio-8084-exec-6] [org.springframework.web.servlet.mvc.method.annotation.RequestMappingHandlerMapping]-[DEBUG] Returning handler method [public java.lang.Object com.taotao.sso.controller.UserController.getUserByToken(java.lang.String,java.lang.String)]
2017-03-11 10:55:50,246 [http-bio-8084-exec-6] [org.springframework.beans.factory.support.DefaultListableBeanFactory]-[DEBUG] Returning cached instance of singleton bean 'userController'
2017-03-11 10:55:50,246 [http-bio-8084-exec-6] [org.springframework.web.servlet.DispatcherServlet]-[DEBUG] Last-Modified value for [/user/token/5acdf518-6470-4bee-9301-619dd2290ba5] is: -1
2017-03-11 10:55:50,326 [http-bio-8084-exec-6] [org.springframework.web.servlet.mvc.method.annotation.ResponseBodyAdviceChain]-[DEBUG] Invoking ResponseBodyAdvice chain for body=org.springframework.http.converter.json.MappingJacksonValue@15ce94b
2017-03-11 10:55:50,326 [http-bio-8084-exec-6] [org.springframework.web.servlet.mvc.method.annotation.ResponseBodyAdviceChain]-[DEBUG] After ResponseBodyAdvice chain body=org.springframework.http.converter.json.MappingJacksonValue@15ce94b
2017-03-11 10:55:50,330 [http-bio-8084-exec-6] [org.springframework.web.servlet.mvc.method.annotation.RequestResponseBodyMethodProcessor]-[DEBUG] Written [org.springframework.http.converter.json.MappingJacksonValue@15ce94b] as "application/json;charset=UTF-8" using [org.springframework.http.converter.json.MappingJackson2HttpMessageConverter@57d09]
2017-03-11 10:55:50,330 [http-bio-8084-exec-6] [org.springframework.web.servlet.DispatcherServlet]-[DEBUG] Null ModelAndView returned to DispatcherServlet with name 'taotao-sso': assuming HandlerAdapter completed request handling
2017-03-11 10:55:50,331 [http-bio-8084-exec-6] [org.springframework.web.servlet.DispatcherServlet]-[DEBUG] Successfully completed request
2017-03-11 10:55:55,865 [http-bio-8084-exec-7] [org.springframework.web.servlet.DispatcherServlet]-[DEBUG] DispatcherServlet with name 'taotao-sso' processing GET request for [/user/token/5acdf518-6470-4bee-9301-619dd2290ba5]
2017-03-11 10:55:55,865 [http-bio-8084-exec-7] [org.springframework.web.servlet.mvc.method.annotation.RequestMappingHandlerMapping]-[DEBUG] Looking up handler method for path /user/token/5acdf518-6470-4bee-9301-619dd2290ba5
2017-03-11 10:55:55,866 [http-bio-8084-exec-7] [org.springframework.web.servlet.mvc.method.annotation.RequestMappingHandlerMapping]-[DEBUG] Returning handler method [public java.lang.Object com.taotao.sso.controller.UserController.getUserByToken(java.lang.String,java.lang.String)]
2017-03-11 10:55:55,866 [http-bio-8084-exec-7] [org.springframework.beans.factory.support.DefaultListableBeanFactory]-[DEBUG] Returning cached instance of singleton bean 'userController'
2017-03-11 10:55:55,866 [http-bio-8084-exec-7] [org.springframework.web.servlet.DispatcherServlet]-[DEBUG] Last-Modified value for [/user/token/5acdf518-6470-4bee-9301-619dd2290ba5] is: -1
2017-03-11 10:55:55,869 [http-bio-8084-exec-7] [org.springframework.web.servlet.mvc.method.annotation.ResponseBodyAdviceChain]-[DEBUG] Invoking ResponseBodyAdvice chain for body=org.springframework.http.converter.json.MappingJacksonValue@19b1835
2017-03-11 10:55:55,870 [http-bio-8084-exec-7] [org.springframework.web.servlet.mvc.method.annotation.ResponseBodyAdviceChain]-[DEBUG] After ResponseBodyAdvice chain body=org.springframework.http.converter.json.MappingJacksonValue@19b1835
2017-03-11 10:55:55,870 [http-bio-8084-exec-7] [org.springframework.web.servlet.mvc.method.annotation.RequestResponseBodyMethodProcessor]-[DEBUG] Written [org.springframework.http.converter.json.MappingJacksonValue@19b1835] as "application/json;charset=UTF-8" using [org.springframework.http.converter.json.MappingJackson2HttpMessageConverter@57d09]
2017-03-11 10:55:55,870 [http-bio-8084-exec-7] [org.springframework.web.servlet.DispatcherServlet]-[DEBUG] Null ModelAndView returned to DispatcherServlet with name 'taotao-sso': assuming HandlerAdapter completed request handling
2017-03-11 10:55:55,870 [http-bio-8084-exec-7] [org.springframework.web.servlet.DispatcherServlet]-[DEBUG] Successfully completed request
2017-03-11 10:55:59,948 [http-bio-8084-exec-8] [org.springframework.web.servlet.DispatcherServlet]-[DEBUG] DispatcherServlet with name 'taotao-sso' processing GET request for [/user/token/5acdf518-6470-4bee-9301-619dd2290ba5]
2017-03-11 10:55:59,948 [http-bio-8084-exec-8] [org.springframework.web.servlet.mvc.method.annotation.RequestMappingHandlerMapping]-[DEBUG] Looking up handler method for path /user/token/5acdf518-6470-4bee-9301-619dd2290ba5
2017-03-11 10:55:59,949 [http-bio-8084-exec-8] [org.springframework.web.servlet.mvc.method.annotation.RequestMappingHandlerMapping]-[DEBUG] Returning handler method [public java.lang.Object com.taotao.sso.controller.UserController.getUserByToken(java.lang.String,java.lang.String)]
2017-03-11 10:55:59,949 [http-bio-8084-exec-8] [org.springframework.beans.factory.support.DefaultListableBeanFactory]-[DEBUG] Returning cached instance of singleton bean 'userController'
2017-03-11 10:55:59,949 [http-bio-8084-exec-8] [org.springframework.web.servlet.DispatcherServlet]-[DEBUG] Last-Modified value for [/user/token/5acdf518-6470-4bee-9301-619dd2290ba5] is: -1
2017-03-11 10:55:59,952 [http-bio-8084-exec-8] [org.springframework.web.servlet.mvc.method.annotation.ResponseBodyAdviceChain]-[DEBUG] Invoking ResponseBodyAdvice chain for body=org.springframework.http.converter.json.MappingJacksonValue@1b9745e
2017-03-11 10:55:59,952 [http-bio-8084-exec-8] [org.springframework.web.servlet.mvc.method.annotation.ResponseBodyAdviceChain]-[DEBUG] After ResponseBodyAdvice chain body=org.springframework.http.converter.json.MappingJacksonValue@1b9745e
2017-03-11 10:55:59,953 [http-bio-8084-exec-8] [org.springframework.web.servlet.mvc.method.annotation.RequestResponseBodyMethodProcessor]-[DEBUG] Written [org.springframework.http.converter.json.MappingJacksonValue@1b9745e] as "application/json;charset=UTF-8" using [org.springframework.http.converter.json.MappingJackson2HttpMessageConverter@57d09]
2017-03-11 10:55:59,953 [http-bio-8084-exec-8] [org.springframework.web.servlet.DispatcherServlet]-[DEBUG] Null ModelAndView returned to DispatcherServlet with name 'taotao-sso': assuming HandlerAdapter completed request handling
2017-03-11 10:55:59,953 [http-bio-8084-exec-8] [org.springframework.web.servlet.DispatcherServlet]-[DEBUG] Successfully completed request
2017-03-11 10:56:05,228 [http-bio-8084-exec-8] [org.springframework.web.servlet.DispatcherServlet]-[DEBUG] DispatcherServlet with name 'taotao-sso' processing GET request for [/user/token/5acdf518-6470-4bee-9301-619dd2290ba5]
2017-03-11 10:56:05,229 [http-bio-8084-exec-8] [org.springframework.web.servlet.mvc.method.annotation.RequestMappingHandlerMapping]-[DEBUG] Looking up handler method for path /user/token/5acdf518-6470-4bee-9301-619dd2290ba5
2017-03-11 10:56:05,229 [http-bio-8084-exec-8] [org.springframework.web.servlet.mvc.method.annotation.RequestMappingHandlerMapping]-[DEBUG] Returning handler method [public java.lang.Object com.taotao.sso.controller.UserController.getUserByToken(java.lang.String,java.lang.String)]
2017-03-11 10:56:05,229 [http-bio-8084-exec-8] [org.springframework.beans.factory.support.DefaultListableBeanFactory]-[DEBUG] Returning cached instance of singleton bean 'userController'
2017-03-11 10:56:05,229 [http-bio-8084-exec-8] [org.springframework.web.servlet.DispatcherServlet]-[DEBUG] Last-Modified value for [/user/token/5acdf518-6470-4bee-9301-619dd2290ba5] is: -1
2017-03-11 10:56:05,232 [http-bio-8084-exec-8] [org.springframework.web.servlet.mvc.method.annotation.ResponseBodyAdviceChain]-[DEBUG] Invoking ResponseBodyAdvice chain for body=org.springframework.http.converter.json.MappingJacksonValue@18f9a84
2017-03-11 10:56:05,232 [http-bio-8084-exec-8] [org.springframework.web.servlet.mvc.method.annotation.ResponseBodyAdviceChain]-[DEBUG] After ResponseBodyAdvice chain body=org.springframework.http.converter.json.MappingJacksonValue@18f9a84
2017-03-11 10:56:05,233 [http-bio-8084-exec-8] [org.springframework.web.servlet.mvc.method.annotation.RequestResponseBodyMethodProcessor]-[DEBUG] Written [org.springframework.http.converter.json.MappingJacksonValue@18f9a84] as "application/json;charset=UTF-8" using [org.springframework.http.converter.json.MappingJackson2HttpMessageConverter@57d09]
2017-03-11 10:56:05,233 [http-bio-8084-exec-8] [org.springframework.web.servlet.DispatcherServlet]-[DEBUG] Null ModelAndView returned to DispatcherServlet with name 'taotao-sso': assuming HandlerAdapter completed request handling
2017-03-11 10:56:05,233 [http-bio-8084-exec-8] [org.springframework.web.servlet.DispatcherServlet]-[DEBUG] Successfully completed request
2017-03-11 10:56:06,714 [http-bio-8084-exec-4] [org.springframework.web.servlet.DispatcherServlet]-[DEBUG] DispatcherServlet with name 'taotao-sso' processing GET request for [/user/token/5acdf518-6470-4bee-9301-619dd2290ba5]
2017-03-11 10:56:06,714 [http-bio-8084-exec-4] [org.springframework.web.servlet.mvc.method.annotation.RequestMappingHandlerMapping]-[DEBUG] Looking up handler method for path /user/token/5acdf518-6470-4bee-9301-619dd2290ba5
2017-03-11 10:56:06,714 [http-bio-8084-exec-4] [org.springframework.web.servlet.mvc.method.annotation.RequestMappingHandlerMapping]-[DEBUG] Returning handler method [public java.lang.Object com.taotao.sso.controller.UserController.getUserByToken(java.lang.String,java.lang.String)]
2017-03-11 10:56:06,714 [http-bio-8084-exec-4] [org.springframework.beans.factory.support.DefaultListableBeanFactory]-[DEBUG] Returning cached instance of singleton bean 'userController'
2017-03-11 10:56:06,715 [http-bio-8084-exec-4] [org.springframework.web.servlet.DispatcherServlet]-[DEBUG] Last-Modified value for [/user/token/5acdf518-6470-4bee-9301-619dd2290ba5] is: -1
2017-03-11 10:56:06,716 [http-bio-8084-exec-4] [org.springframework.web.servlet.mvc.method.annotation.ResponseBodyAdviceChain]-[DEBUG] Invoking ResponseBodyAdvice chain for body=com.taotao.common.utils.TaotaoResult@1a2f4b2
2017-03-11 10:56:06,717 [http-bio-8084-exec-4] [org.springframework.web.servlet.mvc.method.annotation.ResponseBodyAdviceChain]-[DEBUG] After ResponseBodyAdvice chain body=com.taotao.common.utils.TaotaoResult@1a2f4b2
2017-03-11 10:56:06,717 [http-bio-8084-exec-4] [org.springframework.web.servlet.mvc.method.annotation.RequestResponseBodyMethodProcessor]-[DEBUG] Written [com.taotao.common.utils.TaotaoResult@1a2f4b2] as "application/json;charset=UTF-8" using [org.springframework.http.converter.json.MappingJackson2HttpMessageConverter@57d09]
2017-03-11 10:56:06,717 [http-bio-8084-exec-4] [org.springframework.web.servlet.DispatcherServlet]-[DEBUG] Null ModelAndView returned to DispatcherServlet with name 'taotao-sso': assuming HandlerAdapter completed request handling
2017-03-11 10:56:06,717 [http-bio-8084-exec-4] [org.springframework.web.servlet.DispatcherServlet]-[DEBUG] Successfully completed request
2017-03-11 10:56:07,353 [http-bio-8084-exec-8] [org.springframework.web.servlet.DispatcherServlet]-[DEBUG] DispatcherServlet with name 'taotao-sso' processing GET request for [/user/token/5acdf518-6470-4bee-9301-619dd2290ba5]
2017-03-11 10:56:07,353 [http-bio-8084-exec-8] [org.springframework.web.servlet.mvc.method.annotation.RequestMappingHandlerMapping]-[DEBUG] Looking up handler method for path /user/token/5acdf518-6470-4bee-9301-619dd2290ba5
2017-03-11 10:56:07,353 [http-bio-8084-exec-8] [org.springframework.web.servlet.mvc.method.annotation.RequestMappingHandlerMapping]-[DEBUG] Returning handler method [public java.lang.Object com.taotao.sso.controller.UserController.getUserByToken(java.lang.String,java.lang.String)]
2017-03-11 10:56:07,353 [http-bio-8084-exec-8] [org.springframework.beans.factory.support.DefaultListableBeanFactory]-[DEBUG] Returning cached instance of singleton bean 'userController'
2017-03-11 10:56:07,353 [http-bio-8084-exec-8] [org.springframework.web.servlet.DispatcherServlet]-[DEBUG] Last-Modified value for [/user/token/5acdf518-6470-4bee-9301-619dd2290ba5] is: -1
2017-03-11 10:56:07,356 [http-bio-8084-exec-8] [org.springframework.web.servlet.mvc.method.annotation.ResponseBodyAdviceChain]-[DEBUG] Invoking ResponseBodyAdvice chain for body=org.springframework.http.converter.json.MappingJacksonValue@16ef5d5
2017-03-11 10:56:07,356 [http-bio-8084-exec-8] [org.springframework.web.servlet.mvc.method.annotation.ResponseBodyAdviceChain]-[DEBUG] After ResponseBodyAdvice chain body=org.springframework.http.converter.json.MappingJacksonValue@16ef5d5
2017-03-11 10:56:07,356 [http-bio-8084-exec-8] [org.springframework.web.servlet.mvc.method.annotation.RequestResponseBodyMethodProcessor]-[DEBUG] Written [org.springframework.http.converter.json.MappingJacksonValue@16ef5d5] as "application/json;charset=UTF-8" using [org.springframework.http.converter.json.MappingJackson2HttpMessageConverter@57d09]
2017-03-11 10:56:07,356 [http-bio-8084-exec-8] [org.springframework.web.servlet.DispatcherServlet]-[DEBUG] Null ModelAndView returned to DispatcherServlet with name 'taotao-sso': assuming HandlerAdapter completed request handling
2017-03-11 10:56:07,356 [http-bio-8084-exec-8] [org.springframework.web.servlet.DispatcherServlet]-[DEBUG] Successfully completed request
2017-03-11 10:56:08,395 [http-bio-8084-exec-7] [org.springframework.web.servlet.DispatcherServlet]-[DEBUG] DispatcherServlet with name 'taotao-sso' processing GET request for [/user/token/5acdf518-6470-4bee-9301-619dd2290ba5]
2017-03-11 10:56:08,395 [http-bio-8084-exec-7] [org.springframework.web.servlet.mvc.method.annotation.RequestMappingHandlerMapping]-[DEBUG] Looking up handler method for path /user/token/5acdf518-6470-4bee-9301-619dd2290ba5
2017-03-11 10:56:08,396 [http-bio-8084-exec-7] [org.springframework.web.servlet.mvc.method.annotation.RequestMappingHandlerMapping]-[DEBUG] Returning handler method [public java.lang.Object com.taotao.sso.controller.UserController.getUserByToken(java.lang.String,java.lang.String)]
2017-03-11 10:56:08,396 [http-bio-8084-exec-7] [org.springframework.beans.factory.support.DefaultListableBeanFactory]-[DEBUG] Returning cached instance of singleton bean 'userController'
2017-03-11 10:56:08,396 [http-bio-8084-exec-7] [org.springframework.web.servlet.DispatcherServlet]-[DEBUG] Last-Modified value for [/user/token/5acdf518-6470-4bee-9301-619dd2290ba5] is: -1
2017-03-11 10:56:08,399 [http-bio-8084-exec-7] [org.springframework.web.servlet.mvc.method.annotation.ResponseBodyAdviceChain]-[DEBUG] Invoking ResponseBodyAdvice chain for body=com.taotao.common.utils.TaotaoResult@d71e9a
2017-03-11 10:56:08,399 [http-bio-8084-exec-7] [org.springframework.web.servlet.mvc.method.annotation.ResponseBodyAdviceChain]-[DEBUG] After ResponseBodyAdvice chain body=com.taotao.common.utils.TaotaoResult@d71e9a
2017-03-11 10:56:08,400 [http-bio-8084-exec-7] [org.springframework.web.servlet.mvc.method.annotation.RequestResponseBodyMethodProcessor]-[DEBUG] Written [com.taotao.common.utils.TaotaoResult@d71e9a] as "application/json;charset=UTF-8" using [org.springframework.http.converter.json.MappingJackson2HttpMessageConverter@57d09]
2017-03-11 10:56:08,400 [http-bio-8084-exec-7] [org.springframework.web.servlet.DispatcherServlet]-[DEBUG] Null ModelAndView returned to DispatcherServlet with name 'taotao-sso': assuming HandlerAdapter completed request handling
2017-03-11 10:56:08,400 [http-bio-8084-exec-7] [org.springframework.web.servlet.DispatcherServlet]-[DEBUG] Successfully completed request
2017-03-11 10:56:09,960 [http-bio-8084-exec-8] [org.springframework.web.servlet.DispatcherServlet]-[DEBUG] DispatcherServlet with name 'taotao-sso' processing GET request for [/user/token/5acdf518-6470-4bee-9301-619dd2290ba5]
2017-03-11 10:56:09,960 [http-bio-8084-exec-8] [org.springframework.web.servlet.mvc.method.annotation.RequestMappingHandlerMapping]-[DEBUG] Looking up handler method for path /user/token/5acdf518-6470-4bee-9301-619dd2290ba5
2017-03-11 10:56:09,961 [http-bio-8084-exec-8] [org.springframework.web.servlet.mvc.method.annotation.RequestMappingHandlerMapping]-[DEBUG] Returning handler method [public java.lang.Object com.taotao.sso.controller.UserController.getUserByToken(java.lang.String,java.lang.String)]
2017-03-11 10:56:09,961 [http-bio-8084-exec-8] [org.springframework.beans.factory.support.DefaultListableBeanFactory]-[DEBUG] Returning cached instance of singleton bean 'userController'
2017-03-11 10:56:09,961 [http-bio-8084-exec-8] [org.springframework.web.servlet.DispatcherServlet]-[DEBUG] Last-Modified value for [/user/token/5acdf518-6470-4bee-9301-619dd2290ba5] is: -1
2017-03-11 10:56:09,963 [http-bio-8084-exec-8] [org.springframework.web.servlet.mvc.method.annotation.ResponseBodyAdviceChain]-[DEBUG] Invoking ResponseBodyAdvice chain for body=org.springframework.http.converter.json.MappingJacksonValue@11a1f40
2017-03-11 10:56:09,963 [http-bio-8084-exec-8] [org.springframework.web.servlet.mvc.method.annotation.ResponseBodyAdviceChain]-[DEBUG] After ResponseBodyAdvice chain body=org.springframework.http.converter.json.MappingJacksonValue@11a1f40
2017-03-11 10:56:09,963 [http-bio-8084-exec-8] [org.springframework.web.servlet.mvc.method.annotation.RequestResponseBodyMethodProcessor]-[DEBUG] Written [org.springframework.http.converter.json.MappingJacksonValue@11a1f40] as "application/json;charset=UTF-8" using [org.springframework.http.converter.json.MappingJackson2HttpMessageConverter@57d09]
2017-03-11 10:56:09,963 [http-bio-8084-exec-8] [org.springframework.web.servlet.DispatcherServlet]-[DEBUG] Null ModelAndView returned to DispatcherServlet with name 'taotao-sso': assuming HandlerAdapter completed request handling
2017-03-11 10:56:09,963 [http-bio-8084-exec-8] [org.springframework.web.servlet.DispatcherServlet]-[DEBUG] Successfully completed request
2017-03-11 10:56:11,510 [http-bio-8084-exec-8] [org.springframework.web.servlet.DispatcherServlet]-[DEBUG] DispatcherServlet with name 'taotao-sso' processing GET request for [/user/token/5acdf518-6470-4bee-9301-619dd2290ba5]
2017-03-11 10:56:11,510 [http-bio-8084-exec-8] [org.springframework.web.servlet.mvc.method.annotation.RequestMappingHandlerMapping]-[DEBUG] Looking up handler method for path /user/token/5acdf518-6470-4bee-9301-619dd2290ba5
2017-03-11 10:56:11,510 [http-bio-8084-exec-8] [org.springframework.web.servlet.mvc.method.annotation.RequestMappingHandlerMapping]-[DEBUG] Returning handler method [public java.lang.Object com.taotao.sso.controller.UserController.getUserByToken(java.lang.String,java.lang.String)]
2017-03-11 10:56:11,510 [http-bio-8084-exec-8] [org.springframework.beans.factory.support.DefaultListableBeanFactory]-[DEBUG] Returning cached instance of singleton bean 'userController'
2017-03-11 10:56:11,510 [http-bio-8084-exec-8] [org.springframework.web.servlet.DispatcherServlet]-[DEBUG] Last-Modified value for [/user/token/5acdf518-6470-4bee-9301-619dd2290ba5] is: -1
2017-03-11 10:56:11,514 [http-bio-8084-exec-8] [org.springframework.web.servlet.mvc.method.annotation.ResponseBodyAdviceChain]-[DEBUG] Invoking ResponseBodyAdvice chain for body=org.springframework.http.converter.json.MappingJacksonValue@c921fd
2017-03-11 10:56:11,514 [http-bio-8084-exec-8] [org.springframework.web.servlet.mvc.method.annotation.ResponseBodyAdviceChain]-[DEBUG] After ResponseBodyAdvice chain body=org.springframework.http.converter.json.MappingJacksonValue@c921fd
2017-03-11 10:56:11,514 [http-bio-8084-exec-8] [org.springframework.web.servlet.mvc.method.annotation.RequestResponseBodyMethodProcessor]-[DEBUG] Written [org.springframework.http.converter.json.MappingJacksonValue@c921fd] as "application/json;charset=UTF-8" using [org.springframework.http.converter.json.MappingJackson2HttpMessageConverter@57d09]
2017-03-11 10:56:11,514 [http-bio-8084-exec-8] [org.springframework.web.servlet.DispatcherServlet]-[DEBUG] Null ModelAndView returned to DispatcherServlet with name 'taotao-sso': assuming HandlerAdapter completed request handling
2017-03-11 10:56:11,514 [http-bio-8084-exec-8] [org.springframework.web.servlet.DispatcherServlet]-[DEBUG] Successfully completed request
2017-03-11 10:56:12,841 [http-bio-8084-exec-4] [org.springframework.web.servlet.DispatcherServlet]-[DEBUG] DispatcherServlet with name 'taotao-sso' processing GET request for [/user/token/5acdf518-6470-4bee-9301-619dd2290ba5]
2017-03-11 10:56:12,841 [http-bio-8084-exec-4] [org.springframework.web.servlet.mvc.method.annotation.RequestMappingHandlerMapping]-[DEBUG] Looking up handler method for path /user/token/5acdf518-6470-4bee-9301-619dd2290ba5
2017-03-11 10:56:12,841 [http-bio-8084-exec-4] [org.springframework.web.servlet.mvc.method.annotation.RequestMappingHandlerMapping]-[DEBUG] Returning handler method [public java.lang.Object com.taotao.sso.controller.UserController.getUserByToken(java.lang.String,java.lang.String)]
2017-03-11 10:56:12,841 [http-bio-8084-exec-4] [org.springframework.beans.factory.support.DefaultListableBeanFactory]-[DEBUG] Returning cached instance of singleton bean 'userController'
2017-03-11 10:56:12,841 [http-bio-8084-exec-4] [org.springframework.web.servlet.DispatcherServlet]-[DEBUG] Last-Modified value for [/user/token/5acdf518-6470-4bee-9301-619dd2290ba5] is: -1
2017-03-11 10:56:12,843 [http-bio-8084-exec-4] [org.springframework.web.servlet.mvc.method.annotation.ResponseBodyAdviceChain]-[DEBUG] Invoking ResponseBodyAdvice chain for body=com.taotao.common.utils.TaotaoResult@d893f5
2017-03-11 10:56:12,843 [http-bio-8084-exec-4] [org.springframework.web.servlet.mvc.method.annotation.ResponseBodyAdviceChain]-[DEBUG] After ResponseBodyAdvice chain body=com.taotao.common.utils.TaotaoResult@d893f5
2017-03-11 10:56:12,843 [http-bio-8084-exec-4] [org.springframework.web.servlet.mvc.method.annotation.RequestResponseBodyMethodProcessor]-[DEBUG] Written [com.taotao.common.utils.TaotaoResult@d893f5] as "application/json;charset=UTF-8" using [org.springframework.http.converter.json.MappingJackson2HttpMessageConverter@57d09]
2017-03-11 10:56:12,843 [http-bio-8084-exec-4] [org.springframework.web.servlet.DispatcherServlet]-[DEBUG] Null ModelAndView returned to DispatcherServlet with name 'taotao-sso': assuming HandlerAdapter completed request handling
2017-03-11 10:56:12,843 [http-bio-8084-exec-4] [org.springframework.web.servlet.DispatcherServlet]-[DEBUG] Successfully completed request
2017-03-11 10:56:12,949 [http-bio-8084-exec-2] [org.springframework.web.servlet.DispatcherServlet]-[DEBUG] DispatcherServlet with name 'taotao-sso' processing GET request for [/user/token/5acdf518-6470-4bee-9301-619dd2290ba5]
2017-03-11 10:56:12,949 [http-bio-8084-exec-2] [org.springframework.web.servlet.mvc.method.annotation.RequestMappingHandlerMapping]-[DEBUG] Looking up handler method for path /user/token/5acdf518-6470-4bee-9301-619dd2290ba5
2017-03-11 10:56:12,950 [http-bio-8084-exec-2] [org.springframework.web.servlet.mvc.method.annotation.RequestMappingHandlerMapping]-[DEBUG] Returning handler method [public java.lang.Object com.taotao.sso.controller.UserController.getUserByToken(java.lang.String,java.lang.String)]
2017-03-11 10:56:12,950 [http-bio-8084-exec-2] [org.springframework.beans.factory.support.DefaultListableBeanFactory]-[DEBUG] Returning cached instance of singleton bean 'userController'
2017-03-11 10:56:12,950 [http-bio-8084-exec-2] [org.springframework.web.servlet.DispatcherServlet]-[DEBUG] Last-Modified value for [/user/token/5acdf518-6470-4bee-9301-619dd2290ba5] is: -1
2017-03-11 10:56:12,953 [http-bio-8084-exec-2] [org.springframework.web.servlet.mvc.method.annotation.ResponseBodyAdviceChain]-[DEBUG] Invoking ResponseBodyAdvice chain for body=com.taotao.common.utils.TaotaoResult@cb8f5c
2017-03-11 10:56:12,953 [http-bio-8084-exec-2] [org.springframework.web.servlet.mvc.method.annotation.ResponseBodyAdviceChain]-[DEBUG] After ResponseBodyAdvice chain body=com.taotao.common.utils.TaotaoResult@cb8f5c
2017-03-11 10:56:12,953 [http-bio-8084-exec-2] [org.springframework.web.servlet.mvc.method.annotation.RequestResponseBodyMethodProcessor]-[DEBUG] Written [com.taotao.common.utils.TaotaoResult@cb8f5c] as "application/json;charset=UTF-8" using [org.springframework.http.converter.json.MappingJackson2HttpMessageConverter@57d09]
2017-03-11 10:56:12,953 [http-bio-8084-exec-2] [org.springframework.web.servlet.DispatcherServlet]-[DEBUG] Null ModelAndView returned to DispatcherServlet with name 'taotao-sso': assuming HandlerAdapter completed request handling
2017-03-11 10:56:12,954 [http-bio-8084-exec-2] [org.springframework.web.servlet.DispatcherServlet]-[DEBUG] Successfully completed request
2017-03-11 10:56:13,201 [http-bio-8084-exec-8] [org.springframework.web.servlet.DispatcherServlet]-[DEBUG] DispatcherServlet with name 'taotao-sso' processing GET request for [/user/token/5acdf518-6470-4bee-9301-619dd2290ba5]
2017-03-11 10:56:13,201 [http-bio-8084-exec-8] [org.springframework.web.servlet.mvc.method.annotation.RequestMappingHandlerMapping]-[DEBUG] Looking up handler method for path /user/token/5acdf518-6470-4bee-9301-619dd2290ba5
2017-03-11 10:56:13,201 [http-bio-8084-exec-8] [org.springframework.web.servlet.mvc.method.annotation.RequestMappingHandlerMapping]-[DEBUG] Returning handler method [public java.lang.Object com.taotao.sso.controller.UserController.getUserByToken(java.lang.String,java.lang.String)]
2017-03-11 10:56:13,201 [http-bio-8084-exec-8] [org.springframework.beans.factory.support.DefaultListableBeanFactory]-[DEBUG] Returning cached instance of singleton bean 'userController'
2017-03-11 10:56:13,202 [http-bio-8084-exec-8] [org.springframework.web.servlet.DispatcherServlet]-[DEBUG] Last-Modified value for [/user/token/5acdf518-6470-4bee-9301-619dd2290ba5] is: -1
2017-03-11 10:56:13,204 [http-bio-8084-exec-8] [org.springframework.web.servlet.mvc.method.annotation.ResponseBodyAdviceChain]-[DEBUG] Invoking ResponseBodyAdvice chain for body=org.springframework.http.converter.json.MappingJacksonValue@310c82
2017-03-11 10:56:13,204 [http-bio-8084-exec-8] [org.springframework.web.servlet.mvc.method.annotation.ResponseBodyAdviceChain]-[DEBUG] After ResponseBodyAdvice chain body=org.springframework.http.converter.json.MappingJacksonValue@310c82
2017-03-11 10:56:13,204 [http-bio-8084-exec-8] [org.springframework.web.servlet.mvc.method.annotation.RequestResponseBodyMethodProcessor]-[DEBUG] Written [org.springframework.http.converter.json.MappingJacksonValue@310c82] as "application/json;charset=UTF-8" using [org.springframework.http.converter.json.MappingJackson2HttpMessageConverter@57d09]
2017-03-11 10:56:13,204 [http-bio-8084-exec-8] [org.springframework.web.servlet.DispatcherServlet]-[DEBUG] Null ModelAndView returned to DispatcherServlet with name 'taotao-sso': assuming HandlerAdapter completed request handling
2017-03-11 10:56:13,204 [http-bio-8084-exec-8] [org.springframework.web.servlet.DispatcherServlet]-[DEBUG] Successfully completed request
2017-03-11 10:56:14,231 [http-bio-8084-exec-5] [org.springframework.web.servlet.DispatcherServlet]-[DEBUG] DispatcherServlet with name 'taotao-sso' processing GET request for [/user/token/5acdf518-6470-4bee-9301-619dd2290ba5]
2017-03-11 10:56:14,231 [http-bio-8084-exec-5] [org.springframework.web.servlet.mvc.method.annotation.RequestMappingHandlerMapping]-[DEBUG] Looking up handler method for path /user/token/5acdf518-6470-4bee-9301-619dd2290ba5
2017-03-11 10:56:14,231 [http-bio-8084-exec-5] [org.springframework.web.servlet.mvc.method.annotation.RequestMappingHandlerMapping]-[DEBUG] Returning handler method [public java.lang.Object com.taotao.sso.controller.UserController.getUserByToken(java.lang.String,java.lang.String)]
2017-03-11 10:56:14,232 [http-bio-8084-exec-5] [org.springframework.beans.factory.support.DefaultListableBeanFactory]-[DEBUG] Returning cached instance of singleton bean 'userController'
2017-03-11 10:56:14,232 [http-bio-8084-exec-5] [org.springframework.web.servlet.DispatcherServlet]-[DEBUG] Last-Modified value for [/user/token/5acdf518-6470-4bee-9301-619dd2290ba5] is: -1
2017-03-11 10:56:14,234 [http-bio-8084-exec-5] [org.springframework.web.servlet.mvc.method.annotation.ResponseBodyAdviceChain]-[DEBUG] Invoking ResponseBodyAdvice chain for body=com.taotao.common.utils.TaotaoResult@f36ec
2017-03-11 10:56:14,234 [http-bio-8084-exec-5] [org.springframework.web.servlet.mvc.method.annotation.ResponseBodyAdviceChain]-[DEBUG] After ResponseBodyAdvice chain body=com.taotao.common.utils.TaotaoResult@f36ec
2017-03-11 10:56:14,234 [http-bio-8084-exec-5] [org.springframework.web.servlet.mvc.method.annotation.RequestResponseBodyMethodProcessor]-[DEBUG] Written [com.taotao.common.utils.TaotaoResult@f36ec] as "application/json;charset=UTF-8" using [org.springframework.http.converter.json.MappingJackson2HttpMessageConverter@57d09]
2017-03-11 10:56:14,234 [http-bio-8084-exec-5] [org.springframework.web.servlet.DispatcherServlet]-[DEBUG] Null ModelAndView returned to DispatcherServlet with name 'taotao-sso': assuming HandlerAdapter completed request handling
2017-03-11 10:56:14,234 [http-bio-8084-exec-5] [org.springframework.web.servlet.DispatcherServlet]-[DEBUG] Successfully completed request
2017-03-11 10:56:15,246 [http-bio-8084-exec-8] [org.springframework.web.servlet.DispatcherServlet]-[DEBUG] DispatcherServlet with name 'taotao-sso' processing GET request for [/user/token/5acdf518-6470-4bee-9301-619dd2290ba5]
2017-03-11 10:56:15,246 [http-bio-8084-exec-8] [org.springframework.web.servlet.mvc.method.annotation.RequestMappingHandlerMapping]-[DEBUG] Looking up handler method for path /user/token/5acdf518-6470-4bee-9301-619dd2290ba5
2017-03-11 10:56:15,247 [http-bio-8084-exec-8] [org.springframework.web.servlet.mvc.method.annotation.RequestMappingHandlerMapping]-[DEBUG] Returning handler method [public java.lang.Object com.taotao.sso.controller.UserController.getUserByToken(java.lang.String,java.lang.String)]
2017-03-11 10:56:15,247 [http-bio-8084-exec-8] [org.springframework.beans.factory.support.DefaultListableBeanFactory]-[DEBUG] Returning cached instance of singleton bean 'userController'
2017-03-11 10:56:15,247 [http-bio-8084-exec-8] [org.springframework.web.servlet.DispatcherServlet]-[DEBUG] Last-Modified value for [/user/token/5acdf518-6470-4bee-9301-619dd2290ba5] is: -1
2017-03-11 10:56:15,254 [http-bio-8084-exec-8] [org.springframework.web.servlet.mvc.method.annotation.ResponseBodyAdviceChain]-[DEBUG] Invoking ResponseBodyAdvice chain for body=org.springframework.http.converter.json.MappingJacksonValue@4d5a19
2017-03-11 10:56:15,254 [http-bio-8084-exec-8] [org.springframework.web.servlet.mvc.method.annotation.ResponseBodyAdviceChain]-[DEBUG] After ResponseBodyAdvice chain body=org.springframework.http.converter.json.MappingJacksonValue@4d5a19
2017-03-11 10:56:15,257 [http-bio-8084-exec-8] [org.springframework.web.servlet.mvc.method.annotation.RequestResponseBodyMethodProcessor]-[DEBUG] Written [org.springframework.http.converter.json.MappingJacksonValue@4d5a19] as "application/json;charset=UTF-8" using [org.springframework.http.converter.json.MappingJackson2HttpMessageConverter@57d09]
2017-03-11 10:56:15,257 [http-bio-8084-exec-8] [org.springframework.web.servlet.DispatcherServlet]-[DEBUG] Null ModelAndView returned to DispatcherServlet with name 'taotao-sso': assuming HandlerAdapter completed request handling
2017-03-11 10:56:15,257 [http-bio-8084-exec-8] [org.springframework.web.servlet.DispatcherServlet]-[DEBUG] Successfully completed request
2017-03-11 10:56:16,905 [http-bio-8084-exec-8] [org.springframework.web.servlet.DispatcherServlet]-[DEBUG] DispatcherServlet with name 'taotao-sso' processing GET request for [/user/token/5acdf518-6470-4bee-9301-619dd2290ba5]
2017-03-11 10:56:16,905 [http-bio-8084-exec-8] [org.springframework.web.servlet.mvc.method.annotation.RequestMappingHandlerMapping]-[DEBUG] Looking up handler method for path /user/token/5acdf518-6470-4bee-9301-619dd2290ba5
2017-03-11 10:56:16,906 [http-bio-8084-exec-8] [org.springframework.web.servlet.mvc.method.annotation.RequestMappingHandlerMapping]-[DEBUG] Returning handler method [public java.lang.Object com.taotao.sso.controller.UserController.getUserByToken(java.lang.String,java.lang.String)]
2017-03-11 10:56:16,906 [http-bio-8084-exec-8] [org.springframework.beans.factory.support.DefaultListableBeanFactory]-[DEBUG] Returning cached instance of singleton bean 'userController'
2017-03-11 10:56:16,906 [http-bio-8084-exec-8] [org.springframework.web.servlet.DispatcherServlet]-[DEBUG] Last-Modified value for [/user/token/5acdf518-6470-4bee-9301-619dd2290ba5] is: -1
2017-03-11 10:56:16,909 [http-bio-8084-exec-8] [org.springframework.web.servlet.mvc.method.annotation.ResponseBodyAdviceChain]-[DEBUG] Invoking ResponseBodyAdvice chain for body=org.springframework.http.converter.json.MappingJacksonValue@1d5a514
2017-03-11 10:56:16,909 [http-bio-8084-exec-8] [org.springframework.web.servlet.mvc.method.annotation.ResponseBodyAdviceChain]-[DEBUG] After ResponseBodyAdvice chain body=org.springframework.http.converter.json.MappingJacksonValue@1d5a514
2017-03-11 10:56:16,910 [http-bio-8084-exec-8] [org.springframework.web.servlet.mvc.method.annotation.RequestResponseBodyMethodProcessor]-[DEBUG] Written [org.springframework.http.converter.json.MappingJacksonValue@1d5a514] as "application/json;charset=UTF-8" using [org.springframework.http.converter.json.MappingJackson2HttpMessageConverter@57d09]
2017-03-11 10:56:16,910 [http-bio-8084-exec-8] [org.springframework.web.servlet.DispatcherServlet]-[DEBUG] Null ModelAndView returned to DispatcherServlet with name 'taotao-sso': assuming HandlerAdapter completed request handling
2017-03-11 10:56:16,910 [http-bio-8084-exec-8] [org.springframework.web.servlet.DispatcherServlet]-[DEBUG] Successfully completed request
2017-03-11 10:56:17,940 [http-bio-8084-exec-2] [org.springframework.web.servlet.DispatcherServlet]-[DEBUG] DispatcherServlet with name 'taotao-sso' processing GET request for [/user/token/5acdf518-6470-4bee-9301-619dd2290ba5]
2017-03-11 10:56:17,940 [http-bio-8084-exec-2] [org.springframework.web.servlet.mvc.method.annotation.RequestMappingHandlerMapping]-[DEBUG] Looking up handler method for path /user/token/5acdf518-6470-4bee-9301-619dd2290ba5
2017-03-11 10:56:17,940 [http-bio-8084-exec-2] [org.springframework.web.servlet.mvc.method.annotation.RequestMappingHandlerMapping]-[DEBUG] Returning handler method [public java.lang.Object com.taotao.sso.controller.UserController.getUserByToken(java.lang.String,java.lang.String)]
2017-03-11 10:56:17,940 [http-bio-8084-exec-2] [org.springframework.beans.factory.support.DefaultListableBeanFactory]-[DEBUG] Returning cached instance of singleton bean 'userController'
2017-03-11 10:56:17,940 [http-bio-8084-exec-2] [org.springframework.web.servlet.DispatcherServlet]-[DEBUG] Last-Modified value for [/user/token/5acdf518-6470-4bee-9301-619dd2290ba5] is: -1
2017-03-11 10:56:17,943 [http-bio-8084-exec-2] [org.springframework.web.servlet.mvc.method.annotation.ResponseBodyAdviceChain]-[DEBUG] Invoking ResponseBodyAdvice chain for body=com.taotao.common.utils.TaotaoResult@7d434e
2017-03-11 10:56:17,943 [http-bio-8084-exec-2] [org.springframework.web.servlet.mvc.method.annotation.ResponseBodyAdviceChain]-[DEBUG] After ResponseBodyAdvice chain body=com.taotao.common.utils.TaotaoResult@7d434e
2017-03-11 10:56:17,943 [http-bio-8084-exec-2] [org.springframework.web.servlet.mvc.method.annotation.RequestResponseBodyMethodProcessor]-[DEBUG] Written [com.taotao.common.utils.TaotaoResult@7d434e] as "application/json;charset=UTF-8" using [org.springframework.http.converter.json.MappingJackson2HttpMessageConverter@57d09]
2017-03-11 10:56:17,944 [http-bio-8084-exec-2] [org.springframework.web.servlet.DispatcherServlet]-[DEBUG] Null ModelAndView returned to DispatcherServlet with name 'taotao-sso': assuming HandlerAdapter completed request handling
2017-03-11 10:56:17,944 [http-bio-8084-exec-2] [org.springframework.web.servlet.DispatcherServlet]-[DEBUG] Successfully completed request
2017-03-11 10:56:18,554 [http-bio-8084-exec-8] [org.springframework.web.servlet.DispatcherServlet]-[DEBUG] DispatcherServlet with name 'taotao-sso' processing GET request for [/user/token/5acdf518-6470-4bee-9301-619dd2290ba5]
2017-03-11 10:56:18,554 [http-bio-8084-exec-8] [org.springframework.web.servlet.mvc.method.annotation.RequestMappingHandlerMapping]-[DEBUG] Looking up handler method for path /user/token/5acdf518-6470-4bee-9301-619dd2290ba5
2017-03-11 10:56:18,555 [http-bio-8084-exec-8] [org.springframework.web.servlet.mvc.method.annotation.RequestMappingHandlerMapping]-[DEBUG] Returning handler method [public java.lang.Object com.taotao.sso.controller.UserController.getUserByToken(java.lang.String,java.lang.String)]
2017-03-11 10:56:18,555 [http-bio-8084-exec-8] [org.springframework.beans.factory.support.DefaultListableBeanFactory]-[DEBUG] Returning cached instance of singleton bean 'userController'
2017-03-11 10:56:18,555 [http-bio-8084-exec-8] [org.springframework.web.servlet.DispatcherServlet]-[DEBUG] Last-Modified value for [/user/token/5acdf518-6470-4bee-9301-619dd2290ba5] is: -1
2017-03-11 10:56:18,557 [http-bio-8084-exec-8] [org.springframework.web.servlet.mvc.method.annotation.ResponseBodyAdviceChain]-[DEBUG] Invoking ResponseBodyAdvice chain for body=org.springframework.http.converter.json.MappingJacksonValue@1cde345
2017-03-11 10:56:18,557 [http-bio-8084-exec-8] [org.springframework.web.servlet.mvc.method.annotation.ResponseBodyAdviceChain]-[DEBUG] After ResponseBodyAdvice chain body=org.springframework.http.converter.json.MappingJacksonValue@1cde345
2017-03-11 10:56:18,558 [http-bio-8084-exec-8] [org.springframework.web.servlet.mvc.method.annotation.RequestResponseBodyMethodProcessor]-[DEBUG] Written [org.springframework.http.converter.json.MappingJacksonValue@1cde345] as "application/json;charset=UTF-8" using [org.springframework.http.converter.json.MappingJackson2HttpMessageConverter@57d09]
2017-03-11 10:56:18,558 [http-bio-8084-exec-8] [org.springframework.web.servlet.DispatcherServlet]-[DEBUG] Null ModelAndView returned to DispatcherServlet with name 'taotao-sso': assuming HandlerAdapter completed request handling
2017-03-11 10:56:18,558 [http-bio-8084-exec-8] [org.springframework.web.servlet.DispatcherServlet]-[DEBUG] Successfully completed request
2017-03-11 10:56:19,655 [http-bio-8084-exec-8] [org.springframework.web.servlet.DispatcherServlet]-[DEBUG] DispatcherServlet with name 'taotao-sso' processing GET request for [/user/token/5acdf518-6470-4bee-9301-619dd2290ba5]
2017-03-11 10:56:19,655 [http-bio-8084-exec-8] [org.springframework.web.servlet.mvc.method.annotation.RequestMappingHandlerMapping]-[DEBUG] Looking up handler method for path /user/token/5acdf518-6470-4bee-9301-619dd2290ba5
2017-03-11 10:56:19,656 [http-bio-8084-exec-8] [org.springframework.web.servlet.mvc.method.annotation.RequestMappingHandlerMapping]-[DEBUG] Returning handler method [public java.lang.Object com.taotao.sso.controller.UserController.getUserByToken(java.lang.String,java.lang.String)]
2017-03-11 10:56:19,656 [http-bio-8084-exec-8] [org.springframework.beans.factory.support.DefaultListableBeanFactory]-[DEBUG] Returning cached instance of singleton bean 'userController'
2017-03-11 10:56:19,656 [http-bio-8084-exec-8] [org.springframework.web.servlet.DispatcherServlet]-[DEBUG] Last-Modified value for [/user/token/5acdf518-6470-4bee-9301-619dd2290ba5] is: -1
2017-03-11 10:56:19,658 [http-bio-8084-exec-8] [org.springframework.web.servlet.mvc.method.annotation.ResponseBodyAdviceChain]-[DEBUG] Invoking ResponseBodyAdvice chain for body=org.springframework.http.converter.json.MappingJacksonValue@3cb03
2017-03-11 10:56:19,658 [http-bio-8084-exec-8] [org.springframework.web.servlet.mvc.method.annotation.ResponseBodyAdviceChain]-[DEBUG] After ResponseBodyAdvice chain body=org.springframework.http.converter.json.MappingJacksonValue@3cb03
2017-03-11 10:56:19,658 [http-bio-8084-exec-8] [org.springframework.web.servlet.mvc.method.annotation.RequestResponseBodyMethodProcessor]-[DEBUG] Written [org.springframework.http.converter.json.MappingJacksonValue@3cb03] as "application/json;charset=UTF-8" using [org.springframework.http.converter.json.MappingJackson2HttpMessageConverter@57d09]
2017-03-11 10:56:19,658 [http-bio-8084-exec-8] [org.springframework.web.servlet.DispatcherServlet]-[DEBUG] Null ModelAndView returned to DispatcherServlet with name 'taotao-sso': assuming HandlerAdapter completed request handling
2017-03-11 10:56:19,658 [http-bio-8084-exec-8] [org.springframework.web.servlet.DispatcherServlet]-[DEBUG] Successfully completed request
2017-03-11 10:56:26,611 [http-bio-8084-exec-8] [org.springframework.web.servlet.DispatcherServlet]-[DEBUG] DispatcherServlet with name 'taotao-sso' processing GET request for [/user/token/5acdf518-6470-4bee-9301-619dd2290ba5]
2017-03-11 10:56:26,612 [http-bio-8084-exec-8] [org.springframework.web.servlet.mvc.method.annotation.RequestMappingHandlerMapping]-[DEBUG] Looking up handler method for path /user/token/5acdf518-6470-4bee-9301-619dd2290ba5
2017-03-11 10:56:26,612 [http-bio-8084-exec-8] [org.springframework.web.servlet.mvc.method.annotation.RequestMappingHandlerMapping]-[DEBUG] Returning handler method [public java.lang.Object com.taotao.sso.controller.UserController.getUserByToken(java.lang.String,java.lang.String)]
2017-03-11 10:56:26,612 [http-bio-8084-exec-8] [org.springframework.beans.factory.support.DefaultListableBeanFactory]-[DEBUG] Returning cached instance of singleton bean 'userController'
2017-03-11 10:56:26,612 [http-bio-8084-exec-8] [org.springframework.web.servlet.DispatcherServlet]-[DEBUG] Last-Modified value for [/user/token/5acdf518-6470-4bee-9301-619dd2290ba5] is: -1
2017-03-11 10:56:26,614 [http-bio-8084-exec-8] [org.springframework.web.servlet.mvc.method.annotation.ResponseBodyAdviceChain]-[DEBUG] Invoking ResponseBodyAdvice chain for body=org.springframework.http.converter.json.MappingJacksonValue@1b5c49c
2017-03-11 10:56:26,615 [http-bio-8084-exec-8] [org.springframework.web.servlet.mvc.method.annotation.ResponseBodyAdviceChain]-[DEBUG] After ResponseBodyAdvice chain body=org.springframework.http.converter.json.MappingJacksonValue@1b5c49c
2017-03-11 10:56:26,615 [http-bio-8084-exec-8] [org.springframework.web.servlet.mvc.method.annotation.RequestResponseBodyMethodProcessor]-[DEBUG] Written [org.springframework.http.converter.json.MappingJacksonValue@1b5c49c] as "application/json;charset=UTF-8" using [org.springframework.http.converter.json.MappingJackson2HttpMessageConverter@57d09]
2017-03-11 10:56:26,615 [http-bio-8084-exec-8] [org.springframework.web.servlet.DispatcherServlet]-[DEBUG] Null ModelAndView returned to DispatcherServlet with name 'taotao-sso': assuming HandlerAdapter completed request handling
2017-03-11 10:56:26,615 [http-bio-8084-exec-8] [org.springframework.web.servlet.DispatcherServlet]-[DEBUG] Successfully completed request
2017-03-11 11:03:49,861 [http-bio-8084-exec-2] [org.springframework.web.servlet.DispatcherServlet]-[DEBUG] DispatcherServlet with name 'taotao-sso' processing GET request for [/user/token/5acdf518-6470-4bee-9301-619dd2290ba5]
2017-03-11 11:03:49,861 [http-bio-8084-exec-2] [org.springframework.web.servlet.mvc.method.annotation.RequestMappingHandlerMapping]-[DEBUG] Looking up handler method for path /user/token/5acdf518-6470-4bee-9301-619dd2290ba5
2017-03-11 11:03:49,862 [http-bio-8084-exec-2] [org.springframework.web.servlet.mvc.method.annotation.RequestMappingHandlerMapping]-[DEBUG] Returning handler method [public java.lang.Object com.taotao.sso.controller.UserController.getUserByToken(java.lang.String,java.lang.String)]
2017-03-11 11:03:49,862 [http-bio-8084-exec-2] [org.springframework.beans.factory.support.DefaultListableBeanFactory]-[DEBUG] Returning cached instance of singleton bean 'userController'
2017-03-11 11:03:49,862 [http-bio-8084-exec-2] [org.springframework.web.servlet.DispatcherServlet]-[DEBUG] Last-Modified value for [/user/token/5acdf518-6470-4bee-9301-619dd2290ba5] is: -1
2017-03-11 11:03:49,866 [http-bio-8084-exec-2] [org.springframework.web.servlet.mvc.method.annotation.ResponseBodyAdviceChain]-[DEBUG] Invoking ResponseBodyAdvice chain for body=org.springframework.http.converter.json.MappingJacksonValue@15bfde4
2017-03-11 11:03:49,866 [http-bio-8084-exec-2] [org.springframework.web.servlet.mvc.method.annotation.ResponseBodyAdviceChain]-[DEBUG] After ResponseBodyAdvice chain body=org.springframework.http.converter.json.MappingJacksonValue@15bfde4
2017-03-11 11:03:49,867 [http-bio-8084-exec-2] [org.springframework.web.servlet.mvc.method.annotation.RequestResponseBodyMethodProcessor]-[DEBUG] Written [org.springframework.http.converter.json.MappingJacksonValue@15bfde4] as "application/json;charset=UTF-8" using [org.springframework.http.converter.json.MappingJackson2HttpMessageConverter@57d09]
2017-03-11 11:03:49,867 [http-bio-8084-exec-2] [org.springframework.web.servlet.DispatcherServlet]-[DEBUG] Null ModelAndView returned to DispatcherServlet with name 'taotao-sso': assuming HandlerAdapter completed request handling
2017-03-11 11:03:49,867 [http-bio-8084-exec-2] [org.springframework.web.servlet.DispatcherServlet]-[DEBUG] Successfully completed request
2017-03-11 11:03:51,943 [http-bio-8084-exec-2] [org.springframework.web.servlet.DispatcherServlet]-[DEBUG] DispatcherServlet with name 'taotao-sso' processing GET request for [/user/token/5acdf518-6470-4bee-9301-619dd2290ba5]
2017-03-11 11:03:51,943 [http-bio-8084-exec-2] [org.springframework.web.servlet.mvc.method.annotation.RequestMappingHandlerMapping]-[DEBUG] Looking up handler method for path /user/token/5acdf518-6470-4bee-9301-619dd2290ba5
2017-03-11 11:03:51,943 [http-bio-8084-exec-2] [org.springframework.web.servlet.mvc.method.annotation.RequestMappingHandlerMapping]-[DEBUG] Returning handler method [public java.lang.Object com.taotao.sso.controller.UserController.getUserByToken(java.lang.String,java.lang.String)]
2017-03-11 11:03:51,943 [http-bio-8084-exec-2] [org.springframework.beans.factory.support.DefaultListableBeanFactory]-[DEBUG] Returning cached instance of singleton bean 'userController'
2017-03-11 11:03:51,943 [http-bio-8084-exec-2] [org.springframework.web.servlet.DispatcherServlet]-[DEBUG] Last-Modified value for [/user/token/5acdf518-6470-4bee-9301-619dd2290ba5] is: -1
2017-03-11 11:03:51,946 [http-bio-8084-exec-2] [org.springframework.web.servlet.mvc.method.annotation.ResponseBodyAdviceChain]-[DEBUG] Invoking ResponseBodyAdvice chain for body=org.springframework.http.converter.json.MappingJacksonValue@798575
2017-03-11 11:03:51,946 [http-bio-8084-exec-2] [org.springframework.web.servlet.mvc.method.annotation.ResponseBodyAdviceChain]-[DEBUG] After ResponseBodyAdvice chain body=org.springframework.http.converter.json.MappingJacksonValue@798575
2017-03-11 11:03:51,947 [http-bio-8084-exec-2] [org.springframework.web.servlet.mvc.method.annotation.RequestResponseBodyMethodProcessor]-[DEBUG] Written [org.springframework.http.converter.json.MappingJacksonValue@798575] as "application/json;charset=UTF-8" using [org.springframework.http.converter.json.MappingJackson2HttpMessageConverter@57d09]
2017-03-11 11:03:51,947 [http-bio-8084-exec-2] [org.springframework.web.servlet.DispatcherServlet]-[DEBUG] Null ModelAndView returned to DispatcherServlet with name 'taotao-sso': assuming HandlerAdapter completed request handling
2017-03-11 11:03:51,947 [http-bio-8084-exec-2] [org.springframework.web.servlet.DispatcherServlet]-[DEBUG] Successfully completed request
2017-03-11 11:04:00,172 [http-bio-8084-exec-2] [org.springframework.web.servlet.DispatcherServlet]-[DEBUG] DispatcherServlet with name 'taotao-sso' processing GET request for [/user/token/5acdf518-6470-4bee-9301-619dd2290ba5]
2017-03-11 11:04:00,172 [http-bio-8084-exec-2] [org.springframework.web.servlet.mvc.method.annotation.RequestMappingHandlerMapping]-[DEBUG] Looking up handler method for path /user/token/5acdf518-6470-4bee-9301-619dd2290ba5
2017-03-11 11:04:00,172 [http-bio-8084-exec-2] [org.springframework.web.servlet.mvc.method.annotation.RequestMappingHandlerMapping]-[DEBUG] Returning handler method [public java.lang.Object com.taotao.sso.controller.UserController.getUserByToken(java.lang.String,java.lang.String)]
2017-03-11 11:04:00,172 [http-bio-8084-exec-2] [org.springframework.beans.factory.support.DefaultListableBeanFactory]-[DEBUG] Returning cached instance of singleton bean 'userController'
2017-03-11 11:04:00,172 [http-bio-8084-exec-2] [org.springframework.web.servlet.DispatcherServlet]-[DEBUG] Last-Modified value for [/user/token/5acdf518-6470-4bee-9301-619dd2290ba5] is: -1
2017-03-11 11:04:00,176 [http-bio-8084-exec-2] [org.springframework.web.servlet.mvc.method.annotation.ResponseBodyAdviceChain]-[DEBUG] Invoking ResponseBodyAdvice chain for body=org.springframework.http.converter.json.MappingJacksonValue@bcc6da
2017-03-11 11:04:00,176 [http-bio-8084-exec-2] [org.springframework.web.servlet.mvc.method.annotation.ResponseBodyAdviceChain]-[DEBUG] After ResponseBodyAdvice chain body=org.springframework.http.converter.json.MappingJacksonValue@bcc6da
2017-03-11 11:04:00,177 [http-bio-8084-exec-2] [org.springframework.web.servlet.mvc.method.annotation.RequestResponseBodyMethodProcessor]-[DEBUG] Written [org.springframework.http.converter.json.MappingJacksonValue@bcc6da] as "application/json;charset=UTF-8" using [org.springframework.http.converter.json.MappingJackson2HttpMessageConverter@57d09]
2017-03-11 11:04:00,177 [http-bio-8084-exec-2] [org.springframework.web.servlet.DispatcherServlet]-[DEBUG] Null ModelAndView returned to DispatcherServlet with name 'taotao-sso': assuming HandlerAdapter completed request handling
2017-03-11 11:04:00,177 [http-bio-8084-exec-2] [org.springframework.web.servlet.DispatcherServlet]-[DEBUG] Successfully completed request
2017-03-11 11:07:07,113 [http-bio-8084-exec-5] [org.springframework.web.servlet.DispatcherServlet]-[DEBUG] DispatcherServlet with name 'taotao-sso' processing GET request for [/user/token/5acdf518-6470-4bee-9301-619dd2290ba5]
2017-03-11 11:07:07,113 [http-bio-8084-exec-5] [org.springframework.web.servlet.mvc.method.annotation.RequestMappingHandlerMapping]-[DEBUG] Looking up handler method for path /user/token/5acdf518-6470-4bee-9301-619dd2290ba5
2017-03-11 11:07:07,113 [http-bio-8084-exec-5] [org.springframework.web.servlet.mvc.method.annotation.RequestMappingHandlerMapping]-[DEBUG] Returning handler method [public java.lang.Object com.taotao.sso.controller.UserController.getUserByToken(java.lang.String,java.lang.String)]
2017-03-11 11:07:07,113 [http-bio-8084-exec-5] [org.springframework.beans.factory.support.DefaultListableBeanFactory]-[DEBUG] Returning cached instance of singleton bean 'userController'
2017-03-11 11:07:07,113 [http-bio-8084-exec-5] [org.springframework.web.servlet.DispatcherServlet]-[DEBUG] Last-Modified value for [/user/token/5acdf518-6470-4bee-9301-619dd2290ba5] is: -1
2017-03-11 11:07:07,117 [http-bio-8084-exec-5] [org.springframework.web.servlet.mvc.method.annotation.ResponseBodyAdviceChain]-[DEBUG] Invoking ResponseBodyAdvice chain for body=org.springframework.http.converter.json.MappingJacksonValue@1d6c198
2017-03-11 11:07:07,117 [http-bio-8084-exec-5] [org.springframework.web.servlet.mvc.method.annotation.ResponseBodyAdviceChain]-[DEBUG] After ResponseBodyAdvice chain body=org.springframework.http.converter.json.MappingJacksonValue@1d6c198
2017-03-11 11:07:07,117 [http-bio-8084-exec-5] [org.springframework.web.servlet.mvc.method.annotation.RequestResponseBodyMethodProcessor]-[DEBUG] Written [org.springframework.http.converter.json.MappingJacksonValue@1d6c198] as "application/json;charset=UTF-8" using [org.springframework.http.converter.json.MappingJackson2HttpMessageConverter@57d09]
2017-03-11 11:07:07,118 [http-bio-8084-exec-5] [org.springframework.web.servlet.DispatcherServlet]-[DEBUG] Null ModelAndView returned to DispatcherServlet with name 'taotao-sso': assuming HandlerAdapter completed request handling
2017-03-11 11:07:07,118 [http-bio-8084-exec-5] [org.springframework.web.servlet.DispatcherServlet]-[DEBUG] Successfully completed request
2017-03-11 11:07:19,470 [http-bio-8084-exec-5] [org.springframework.web.servlet.DispatcherServlet]-[DEBUG] DispatcherServlet with name 'taotao-sso' processing GET request for [/user/token/5acdf518-6470-4bee-9301-619dd2290ba5]
2017-03-11 11:07:19,470 [http-bio-8084-exec-5] [org.springframework.web.servlet.mvc.method.annotation.RequestMappingHandlerMapping]-[DEBUG] Looking up handler method for path /user/token/5acdf518-6470-4bee-9301-619dd2290ba5
2017-03-11 11:07:19,471 [http-bio-8084-exec-5] [org.springframework.web.servlet.mvc.method.annotation.RequestMappingHandlerMapping]-[DEBUG] Returning handler method [public java.lang.Object com.taotao.sso.controller.UserController.getUserByToken(java.lang.String,java.lang.String)]
2017-03-11 11:07:19,471 [http-bio-8084-exec-5] [org.springframework.beans.factory.support.DefaultListableBeanFactory]-[DEBUG] Returning cached instance of singleton bean 'userController'
2017-03-11 11:07:19,471 [http-bio-8084-exec-5] [org.springframework.web.servlet.DispatcherServlet]-[DEBUG] Last-Modified value for [/user/token/5acdf518-6470-4bee-9301-619dd2290ba5] is: -1
2017-03-11 11:07:19,475 [http-bio-8084-exec-5] [org.springframework.web.servlet.mvc.method.annotation.ResponseBodyAdviceChain]-[DEBUG] Invoking ResponseBodyAdvice chain for body=org.springframework.http.converter.json.MappingJacksonValue@3fee62
2017-03-11 11:07:19,475 [http-bio-8084-exec-5] [org.springframework.web.servlet.mvc.method.annotation.ResponseBodyAdviceChain]-[DEBUG] After ResponseBodyAdvice chain body=org.springframework.http.converter.json.MappingJacksonValue@3fee62
2017-03-11 11:07:19,476 [http-bio-8084-exec-5] [org.springframework.web.servlet.mvc.method.annotation.RequestResponseBodyMethodProcessor]-[DEBUG] Written [org.springframework.http.converter.json.MappingJacksonValue@3fee62] as "application/json;charset=UTF-8" using [org.springframework.http.converter.json.MappingJackson2HttpMessageConverter@57d09]
2017-03-11 11:07:19,476 [http-bio-8084-exec-5] [org.springframework.web.servlet.DispatcherServlet]-[DEBUG] Null ModelAndView returned to DispatcherServlet with name 'taotao-sso': assuming HandlerAdapter completed request handling
2017-03-11 11:07:19,476 [http-bio-8084-exec-5] [org.springframework.web.servlet.DispatcherServlet]-[DEBUG] Successfully completed request
2017-03-11 11:07:21,610 [http-bio-8084-exec-5] [org.springframework.web.servlet.DispatcherServlet]-[DEBUG] DispatcherServlet with name 'taotao-sso' processing GET request for [/user/token/5acdf518-6470-4bee-9301-619dd2290ba5]
2017-03-11 11:07:21,610 [http-bio-8084-exec-5] [org.springframework.web.servlet.mvc.method.annotation.RequestMappingHandlerMapping]-[DEBUG] Looking up handler method for path /user/token/5acdf518-6470-4bee-9301-619dd2290ba5
2017-03-11 11:07:21,611 [http-bio-8084-exec-5] [org.springframework.web.servlet.mvc.method.annotation.RequestMappingHandlerMapping]-[DEBUG] Returning handler method [public java.lang.Object com.taotao.sso.controller.UserController.getUserByToken(java.lang.String,java.lang.String)]
2017-03-11 11:07:21,611 [http-bio-8084-exec-5] [org.springframework.beans.factory.support.DefaultListableBeanFactory]-[DEBUG] Returning cached instance of singleton bean 'userController'
2017-03-11 11:07:21,611 [http-bio-8084-exec-5] [org.springframework.web.servlet.DispatcherServlet]-[DEBUG] Last-Modified value for [/user/token/5acdf518-6470-4bee-9301-619dd2290ba5] is: -1
2017-03-11 11:07:21,614 [http-bio-8084-exec-5] [org.springframework.web.servlet.mvc.method.annotation.ResponseBodyAdviceChain]-[DEBUG] Invoking ResponseBodyAdvice chain for body=org.springframework.http.converter.json.MappingJacksonValue@13b6e50
2017-03-11 11:07:21,614 [http-bio-8084-exec-5] [org.springframework.web.servlet.mvc.method.annotation.ResponseBodyAdviceChain]-[DEBUG] After ResponseBodyAdvice chain body=org.springframework.http.converter.json.MappingJacksonValue@13b6e50
2017-03-11 11:07:21,614 [http-bio-8084-exec-5] [org.springframework.web.servlet.mvc.method.annotation.RequestResponseBodyMethodProcessor]-[DEBUG] Written [org.springframework.http.converter.json.MappingJacksonValue@13b6e50] as "application/json;charset=UTF-8" using [org.springframework.http.converter.json.MappingJackson2HttpMessageConverter@57d09]
2017-03-11 11:07:21,614 [http-bio-8084-exec-5] [org.springframework.web.servlet.DispatcherServlet]-[DEBUG] Null ModelAndView returned to DispatcherServlet with name 'taotao-sso': assuming HandlerAdapter completed request handling
2017-03-11 11:07:21,614 [http-bio-8084-exec-5] [org.springframework.web.servlet.DispatcherServlet]-[DEBUG] Successfully completed request
2017-03-11 11:07:24,782 [http-bio-8084-exec-5] [org.springframework.web.servlet.DispatcherServlet]-[DEBUG] DispatcherServlet with name 'taotao-sso' processing GET request for [/user/token/5acdf518-6470-4bee-9301-619dd2290ba5]
2017-03-11 11:07:24,782 [http-bio-8084-exec-5] [org.springframework.web.servlet.mvc.method.annotation.RequestMappingHandlerMapping]-[DEBUG] Looking up handler method for path /user/token/5acdf518-6470-4bee-9301-619dd2290ba5
2017-03-11 11:07:24,782 [http-bio-8084-exec-5] [org.springframework.web.servlet.mvc.method.annotation.RequestMappingHandlerMapping]-[DEBUG] Returning handler method [public java.lang.Object com.taotao.sso.controller.UserController.getUserByToken(java.lang.String,java.lang.String)]
2017-03-11 11:07:24,782 [http-bio-8084-exec-5] [org.springframework.beans.factory.support.DefaultListableBeanFactory]-[DEBUG] Returning cached instance of singleton bean 'userController'
2017-03-11 11:07:24,782 [http-bio-8084-exec-5] [org.springframework.web.servlet.DispatcherServlet]-[DEBUG] Last-Modified value for [/user/token/5acdf518-6470-4bee-9301-619dd2290ba5] is: -1
2017-03-11 11:07:24,785 [http-bio-8084-exec-5] [org.springframework.web.servlet.mvc.method.annotation.ResponseBodyAdviceChain]-[DEBUG] Invoking ResponseBodyAdvice chain for body=org.springframework.http.converter.json.MappingJacksonValue@c78043
2017-03-11 11:07:24,785 [http-bio-8084-exec-5] [org.springframework.web.servlet.mvc.method.annotation.ResponseBodyAdviceChain]-[DEBUG] After ResponseBodyAdvice chain body=org.springframework.http.converter.json.MappingJacksonValue@c78043
2017-03-11 11:07:24,785 [http-bio-8084-exec-5] [org.springframework.web.servlet.mvc.method.annotation.RequestResponseBodyMethodProcessor]-[DEBUG] Written [org.springframework.http.converter.json.MappingJacksonValue@c78043] as "application/json;charset=UTF-8" using [org.springframework.http.converter.json.MappingJackson2HttpMessageConverter@57d09]
2017-03-11 11:07:24,785 [http-bio-8084-exec-5] [org.springframework.web.servlet.DispatcherServlet]-[DEBUG] Null ModelAndView returned to DispatcherServlet with name 'taotao-sso': assuming HandlerAdapter completed request handling
2017-03-11 11:07:24,786 [http-bio-8084-exec-5] [org.springframework.web.servlet.DispatcherServlet]-[DEBUG] Successfully completed request
2017-03-11 11:07:28,565 [http-bio-8084-exec-5] [org.springframework.web.servlet.DispatcherServlet]-[DEBUG] DispatcherServlet with name 'taotao-sso' processing GET request for [/user/token/5acdf518-6470-4bee-9301-619dd2290ba5]
2017-03-11 11:07:28,565 [http-bio-8084-exec-5] [org.springframework.web.servlet.mvc.method.annotation.RequestMappingHandlerMapping]-[DEBUG] Looking up handler method for path /user/token/5acdf518-6470-4bee-9301-619dd2290ba5
2017-03-11 11:07:28,566 [http-bio-8084-exec-5] [org.springframework.web.servlet.mvc.method.annotation.RequestMappingHandlerMapping]-[DEBUG] Returning handler method [public java.lang.Object com.taotao.sso.controller.UserController.getUserByToken(java.lang.String,java.lang.String)]
2017-03-11 11:07:28,566 [http-bio-8084-exec-5] [org.springframework.beans.factory.support.DefaultListableBeanFactory]-[DEBUG] Returning cached instance of singleton bean 'userController'
2017-03-11 11:07:28,566 [http-bio-8084-exec-5] [org.springframework.web.servlet.DispatcherServlet]-[DEBUG] Last-Modified value for [/user/token/5acdf518-6470-4bee-9301-619dd2290ba5] is: -1
2017-03-11 11:07:28,568 [http-bio-8084-exec-5] [org.springframework.web.servlet.mvc.method.annotation.ResponseBodyAdviceChain]-[DEBUG] Invoking ResponseBodyAdvice chain for body=org.springframework.http.converter.json.MappingJacksonValue@1b5ea9a
2017-03-11 11:07:28,568 [http-bio-8084-exec-5] [org.springframework.web.servlet.mvc.method.annotation.ResponseBodyAdviceChain]-[DEBUG] After ResponseBodyAdvice chain body=org.springframework.http.converter.json.MappingJacksonValue@1b5ea9a
2017-03-11 11:07:28,568 [http-bio-8084-exec-5] [org.springframework.web.servlet.mvc.method.annotation.RequestResponseBodyMethodProcessor]-[DEBUG] Written [org.springframework.http.converter.json.MappingJacksonValue@1b5ea9a] as "application/json;charset=UTF-8" using [org.springframework.http.converter.json.MappingJackson2HttpMessageConverter@57d09]
2017-03-11 11:07:28,569 [http-bio-8084-exec-5] [org.springframework.web.servlet.DispatcherServlet]-[DEBUG] Null ModelAndView returned to DispatcherServlet with name 'taotao-sso': assuming HandlerAdapter completed request handling
2017-03-11 11:07:28,569 [http-bio-8084-exec-5] [org.springframework.web.servlet.DispatcherServlet]-[DEBUG] Successfully completed request
2017-03-11 11:07:31,602 [http-bio-8084-exec-5] [org.springframework.web.servlet.DispatcherServlet]-[DEBUG] DispatcherServlet with name 'taotao-sso' processing GET request for [/user/token/5acdf518-6470-4bee-9301-619dd2290ba5]
2017-03-11 11:07:31,602 [http-bio-8084-exec-5] [org.springframework.web.servlet.mvc.method.annotation.RequestMappingHandlerMapping]-[DEBUG] Looking up handler method for path /user/token/5acdf518-6470-4bee-9301-619dd2290ba5
2017-03-11 11:07:31,602 [http-bio-8084-exec-5] [org.springframework.web.servlet.mvc.method.annotation.RequestMappingHandlerMapping]-[DEBUG] Returning handler method [public java.lang.Object com.taotao.sso.controller.UserController.getUserByToken(java.lang.String,java.lang.String)]
2017-03-11 11:07:31,602 [http-bio-8084-exec-5] [org.springframework.beans.factory.support.DefaultListableBeanFactory]-[DEBUG] Returning cached instance of singleton bean 'userController'
2017-03-11 11:07:31,602 [http-bio-8084-exec-5] [org.springframework.web.servlet.DispatcherServlet]-[DEBUG] Last-Modified value for [/user/token/5acdf518-6470-4bee-9301-619dd2290ba5] is: -1
2017-03-11 11:07:31,605 [http-bio-8084-exec-5] [org.springframework.web.servlet.mvc.method.annotation.ResponseBodyAdviceChain]-[DEBUG] Invoking ResponseBodyAdvice chain for body=org.springframework.http.converter.json.MappingJacksonValue@16aefe9
2017-03-11 11:07:31,605 [http-bio-8084-exec-5] [org.springframework.web.servlet.mvc.method.annotation.ResponseBodyAdviceChain]-[DEBUG] After ResponseBodyAdvice chain body=org.springframework.http.converter.json.MappingJacksonValue@16aefe9
2017-03-11 11:07:31,607 [http-bio-8084-exec-5] [org.springframework.web.servlet.mvc.method.annotation.RequestResponseBodyMethodProcessor]-[DEBUG] Written [org.springframework.http.converter.json.MappingJacksonValue@16aefe9] as "application/json;charset=UTF-8" using [org.springframework.http.converter.json.MappingJackson2HttpMessageConverter@57d09]
2017-03-11 11:07:31,607 [http-bio-8084-exec-5] [org.springframework.web.servlet.DispatcherServlet]-[DEBUG] Null ModelAndView returned to DispatcherServlet with name 'taotao-sso': assuming HandlerAdapter completed request handling
2017-03-11 11:07:31,607 [http-bio-8084-exec-5] [org.springframework.web.servlet.DispatcherServlet]-[DEBUG] Successfully completed request
2017-03-11 11:07:33,062 [http-bio-8084-exec-5] [org.springframework.web.servlet.DispatcherServlet]-[DEBUG] DispatcherServlet with name 'taotao-sso' processing GET request for [/user/token/5acdf518-6470-4bee-9301-619dd2290ba5]
2017-03-11 11:07:33,062 [http-bio-8084-exec-5] [org.springframework.web.servlet.mvc.method.annotation.RequestMappingHandlerMapping]-[DEBUG] Looking up handler method for path /user/token/5acdf518-6470-4bee-9301-619dd2290ba5
2017-03-11 11:07:33,062 [http-bio-8084-exec-5] [org.springframework.web.servlet.mvc.method.annotation.RequestMappingHandlerMapping]-[DEBUG] Returning handler method [public java.lang.Object com.taotao.sso.controller.UserController.getUserByToken(java.lang.String,java.lang.String)]
2017-03-11 11:07:33,063 [http-bio-8084-exec-5] [org.springframework.beans.factory.support.DefaultListableBeanFactory]-[DEBUG] Returning cached instance of singleton bean 'userController'
2017-03-11 11:07:33,063 [http-bio-8084-exec-5] [org.springframework.web.servlet.DispatcherServlet]-[DEBUG] Last-Modified value for [/user/token/5acdf518-6470-4bee-9301-619dd2290ba5] is: -1
2017-03-11 11:07:33,067 [http-bio-8084-exec-5] [org.springframework.web.servlet.mvc.method.annotation.ResponseBodyAdviceChain]-[DEBUG] Invoking ResponseBodyAdvice chain for body=org.springframework.http.converter.json.MappingJacksonValue@1acc251
2017-03-11 11:07:33,067 [http-bio-8084-exec-5] [org.springframework.web.servlet.mvc.method.annotation.ResponseBodyAdviceChain]-[DEBUG] After ResponseBodyAdvice chain body=org.springframework.http.converter.json.MappingJacksonValue@1acc251
2017-03-11 11:07:33,067 [http-bio-8084-exec-5] [org.springframework.web.servlet.mvc.method.annotation.RequestResponseBodyMethodProcessor]-[DEBUG] Written [org.springframework.http.converter.json.MappingJacksonValue@1acc251] as "application/json;charset=UTF-8" using [org.springframework.http.converter.json.MappingJackson2HttpMessageConverter@57d09]
2017-03-11 11:07:33,068 [http-bio-8084-exec-5] [org.springframework.web.servlet.DispatcherServlet]-[DEBUG] Null ModelAndView returned to DispatcherServlet with name 'taotao-sso': assuming HandlerAdapter completed request handling
2017-03-11 11:07:33,068 [http-bio-8084-exec-5] [org.springframework.web.servlet.DispatcherServlet]-[DEBUG] Successfully completed request
2017-03-11 11:08:54,648 [http-bio-8084-exec-9] [org.springframework.web.servlet.DispatcherServlet]-[DEBUG] DispatcherServlet with name 'taotao-sso' processing GET request for [/user/token/5acdf518-6470-4bee-9301-619dd2290ba5]
2017-03-11 11:08:54,649 [http-bio-8084-exec-9] [org.springframework.web.servlet.mvc.method.annotation.RequestMappingHandlerMapping]-[DEBUG] Looking up handler method for path /user/token/5acdf518-6470-4bee-9301-619dd2290ba5
2017-03-11 11:08:54,649 [http-bio-8084-exec-9] [org.springframework.web.servlet.mvc.method.annotation.RequestMappingHandlerMapping]-[DEBUG] Returning handler method [public java.lang.Object com.taotao.sso.controller.UserController.getUserByToken(java.lang.String,java.lang.String)]
2017-03-11 11:08:54,649 [http-bio-8084-exec-9] [org.springframework.beans.factory.support.DefaultListableBeanFactory]-[DEBUG] Returning cached instance of singleton bean 'userController'
2017-03-11 11:08:54,649 [http-bio-8084-exec-9] [org.springframework.web.servlet.DispatcherServlet]-[DEBUG] Last-Modified value for [/user/token/5acdf518-6470-4bee-9301-619dd2290ba5] is: -1
2017-03-11 11:08:54,652 [http-bio-8084-exec-9] [org.springframework.web.servlet.mvc.method.annotation.ResponseBodyAdviceChain]-[DEBUG] Invoking ResponseBodyAdvice chain for body=org.springframework.http.converter.json.MappingJacksonValue@1afc692
2017-03-11 11:08:54,652 [http-bio-8084-exec-9] [org.springframework.web.servlet.mvc.method.annotation.ResponseBodyAdviceChain]-[DEBUG] After ResponseBodyAdvice chain body=org.springframework.http.converter.json.MappingJacksonValue@1afc692
2017-03-11 11:08:54,653 [http-bio-8084-exec-9] [org.springframework.web.servlet.mvc.method.annotation.RequestResponseBodyMethodProcessor]-[DEBUG] Written [org.springframework.http.converter.json.MappingJacksonValue@1afc692] as "application/json;charset=UTF-8" using [org.springframework.http.converter.json.MappingJackson2HttpMessageConverter@57d09]
2017-03-11 11:08:54,653 [http-bio-8084-exec-9] [org.springframework.web.servlet.DispatcherServlet]-[DEBUG] Null ModelAndView returned to DispatcherServlet with name 'taotao-sso': assuming HandlerAdapter completed request handling
2017-03-11 11:08:54,653 [http-bio-8084-exec-9] [org.springframework.web.servlet.DispatcherServlet]-[DEBUG] Successfully completed request
2017-03-11 11:09:03,550 [http-bio-8084-exec-9] [org.springframework.web.servlet.DispatcherServlet]-[DEBUG] DispatcherServlet with name 'taotao-sso' processing GET request for [/user/token/5acdf518-6470-4bee-9301-619dd2290ba5]
2017-03-11 11:09:03,550 [http-bio-8084-exec-9] [org.springframework.web.servlet.mvc.method.annotation.RequestMappingHandlerMapping]-[DEBUG] Looking up handler method for path /user/token/5acdf518-6470-4bee-9301-619dd2290ba5
2017-03-11 11:09:03,550 [http-bio-8084-exec-9] [org.springframework.web.servlet.mvc.method.annotation.RequestMappingHandlerMapping]-[DEBUG] Returning handler method [public java.lang.Object com.taotao.sso.controller.UserController.getUserByToken(java.lang.String,java.lang.String)]
2017-03-11 11:09:03,550 [http-bio-8084-exec-9] [org.springframework.beans.factory.support.DefaultListableBeanFactory]-[DEBUG] Returning cached instance of singleton bean 'userController'
2017-03-11 11:09:03,550 [http-bio-8084-exec-9] [org.springframework.web.servlet.DispatcherServlet]-[DEBUG] Last-Modified value for [/user/token/5acdf518-6470-4bee-9301-619dd2290ba5] is: -1
2017-03-11 11:09:03,553 [http-bio-8084-exec-9] [org.springframework.web.servlet.mvc.method.annotation.ResponseBodyAdviceChain]-[DEBUG] Invoking ResponseBodyAdvice chain for body=org.springframework.http.converter.json.MappingJacksonValue@26ec63
2017-03-11 11:09:03,553 [http-bio-8084-exec-9] [org.springframework.web.servlet.mvc.method.annotation.ResponseBodyAdviceChain]-[DEBUG] After ResponseBodyAdvice chain body=org.springframework.http.converter.json.MappingJacksonValue@26ec63
2017-03-11 11:09:03,554 [http-bio-8084-exec-9] [org.springframework.web.servlet.mvc.method.annotation.RequestResponseBodyMethodProcessor]-[DEBUG] Written [org.springframework.http.converter.json.MappingJacksonValue@26ec63] as "application/json;charset=UTF-8" using [org.springframework.http.converter.json.MappingJackson2HttpMessageConverter@57d09]
2017-03-11 11:09:03,554 [http-bio-8084-exec-9] [org.springframework.web.servlet.DispatcherServlet]-[DEBUG] Null ModelAndView returned to DispatcherServlet with name 'taotao-sso': assuming HandlerAdapter completed request handling
2017-03-11 11:09:03,555 [http-bio-8084-exec-9] [org.springframework.web.servlet.DispatcherServlet]-[DEBUG] Successfully completed request
2017-03-11 11:31:06,304 [http-bio-8084-exec-7] [org.springframework.web.servlet.DispatcherServlet]-[DEBUG] DispatcherServlet with name 'taotao-sso' processing GET request for [/user/token/5acdf518-6470-4bee-9301-619dd2290ba5]
2017-03-11 11:31:06,307 [http-bio-8084-exec-7] [org.springframework.web.servlet.mvc.method.annotation.RequestMappingHandlerMapping]-[DEBUG] Looking up handler method for path /user/token/5acdf518-6470-4bee-9301-619dd2290ba5
2017-03-11 11:31:06,308 [http-bio-8084-exec-7] [org.springframework.web.servlet.mvc.method.annotation.RequestMappingHandlerMapping]-[DEBUG] Returning handler method [public java.lang.Object com.taotao.sso.controller.UserController.getUserByToken(java.lang.String,java.lang.String)]
2017-03-11 11:31:06,309 [http-bio-8084-exec-7] [org.springframework.beans.factory.support.DefaultListableBeanFactory]-[DEBUG] Returning cached instance of singleton bean 'userController'
2017-03-11 11:31:06,310 [http-bio-8084-exec-7] [org.springframework.web.servlet.DispatcherServlet]-[DEBUG] Last-Modified value for [/user/token/5acdf518-6470-4bee-9301-619dd2290ba5] is: -1
2017-03-11 11:31:06,319 [http-bio-8084-exec-7] [org.springframework.web.servlet.mvc.method.annotation.ResponseBodyAdviceChain]-[DEBUG] Invoking ResponseBodyAdvice chain for body=org.springframework.http.converter.json.MappingJacksonValue@1aaab94
2017-03-11 11:31:06,319 [http-bio-8084-exec-7] [org.springframework.web.servlet.mvc.method.annotation.ResponseBodyAdviceChain]-[DEBUG] After ResponseBodyAdvice chain body=org.springframework.http.converter.json.MappingJacksonValue@1aaab94
2017-03-11 11:31:06,320 [http-bio-8084-exec-7] [org.springframework.web.servlet.mvc.method.annotation.RequestResponseBodyMethodProcessor]-[DEBUG] Written [org.springframework.http.converter.json.MappingJacksonValue@1aaab94] as "application/json;charset=UTF-8" using [org.springframework.http.converter.json.MappingJackson2HttpMessageConverter@57d09]
2017-03-11 11:31:06,320 [http-bio-8084-exec-7] [org.springframework.web.servlet.DispatcherServlet]-[DEBUG] Null ModelAndView returned to DispatcherServlet with name 'taotao-sso': assuming HandlerAdapter completed request handling
2017-03-11 11:31:06,321 [http-bio-8084-exec-7] [org.springframework.web.servlet.DispatcherServlet]-[DEBUG] Successfully completed request
2017-03-11 11:31:08,830 [http-bio-8084-exec-7] [org.springframework.web.servlet.DispatcherServlet]-[DEBUG] DispatcherServlet with name 'taotao-sso' processing GET request for [/user/token/5acdf518-6470-4bee-9301-619dd2290ba5]
2017-03-11 11:31:08,830 [http-bio-8084-exec-7] [org.springframework.web.servlet.mvc.method.annotation.RequestMappingHandlerMapping]-[DEBUG] Looking up handler method for path /user/token/5acdf518-6470-4bee-9301-619dd2290ba5
2017-03-11 11:31:08,831 [http-bio-8084-exec-7] [org.springframework.web.servlet.mvc.method.annotation.RequestMappingHandlerMapping]-[DEBUG] Returning handler method [public java.lang.Object com.taotao.sso.controller.UserController.getUserByToken(java.lang.String,java.lang.String)]
2017-03-11 11:31:08,831 [http-bio-8084-exec-7] [org.springframework.beans.factory.support.DefaultListableBeanFactory]-[DEBUG] Returning cached instance of singleton bean 'userController'
2017-03-11 11:31:08,831 [http-bio-8084-exec-7] [org.springframework.web.servlet.DispatcherServlet]-[DEBUG] Last-Modified value for [/user/token/5acdf518-6470-4bee-9301-619dd2290ba5] is: -1
2017-03-11 11:31:08,833 [http-bio-8084-exec-7] [org.springframework.web.servlet.mvc.method.annotation.ResponseBodyAdviceChain]-[DEBUG] Invoking ResponseBodyAdvice chain for body=org.springframework.http.converter.json.MappingJacksonValue@17938
2017-03-11 11:31:08,833 [http-bio-8084-exec-7] [org.springframework.web.servlet.mvc.method.annotation.ResponseBodyAdviceChain]-[DEBUG] After ResponseBodyAdvice chain body=org.springframework.http.converter.json.MappingJacksonValue@17938
2017-03-11 11:31:08,834 [http-bio-8084-exec-7] [org.springframework.web.servlet.mvc.method.annotation.RequestResponseBodyMethodProcessor]-[DEBUG] Written [org.springframework.http.converter.json.MappingJacksonValue@17938] as "application/json;charset=UTF-8" using [org.springframework.http.converter.json.MappingJackson2HttpMessageConverter@57d09]
2017-03-11 11:31:08,834 [http-bio-8084-exec-7] [org.springframework.web.servlet.DispatcherServlet]-[DEBUG] Null ModelAndView returned to DispatcherServlet with name 'taotao-sso': assuming HandlerAdapter completed request handling
2017-03-11 11:31:08,834 [http-bio-8084-exec-7] [org.springframework.web.servlet.DispatcherServlet]-[DEBUG] Successfully completed request
